Log file open, 07/10/17 13:10:24
LogInit:Display: Running engine for game: firstPerson
LogPlatformFile: Not using cached read wrapper
LogInit:Display: RandInit(623206993) SRandInit(623206993).
LogTaskGraph: Started task graph with 5 named threads and 6 total threads with 1 sets of task threads.
LogStats: Stats thread started at 0.058156
LogPluginManager: Loaded Plugin Paper2D, From C:/Program Files (x86)/Epic Games/4.14/Engine/Plugins/2D/Paper2D/Paper2D.uplugin
LogPluginManager: Loaded Plugin LightPropagationVolume, From C:/Program Files (x86)/Epic Games/4.14/Engine/Plugins/Blendables/LightPropagationVolume/LightPropagationVolume.uplugin
LogPluginManager: Loaded Plugin BlankPlugin, From C:/Program Files (x86)/Epic Games/4.14/Engine/Plugins/Developer/BlankPlugin/BlankPlugin.uplugin
LogPluginManager: Loaded Plugin CodeLiteSourceCodeAccess, From C:/Program Files (x86)/Epic Games/4.14/Engine/Plugins/Developer/CodeLiteSourceCodeAccess/CodeLiteSourceCodeAccess.uplugin
LogPluginManager: Loaded Plugin GitSourceControl, From C:/Program Files (x86)/Epic Games/4.14/Engine/Plugins/Developer/GitSourceControl/GitSourceControl.uplugin
LogPluginManager: Loaded Plugin KDevelopSourceCodeAccess, From C:/Program Files (x86)/Epic Games/4.14/Engine/Plugins/Developer/KDevelopSourceCodeAccess/KDevelopSourceCodeAccess.uplugin
LogPluginManager: Loaded Plugin NullSourceCodeAccess, From C:/Program Files (x86)/Epic Games/4.14/Engine/Plugins/Developer/NullSourceCodeAccess/NullSourceCodeAccess.uplugin
LogPluginManager: Loaded Plugin OneSkyLocalizationService, From C:/Program Files (x86)/Epic Games/4.14/Engine/Plugins/Developer/OneSkyLocalizationService/OneSkyLocalizationService.uplugin
LogPluginManager: Loaded Plugin PerforceSourceControl, From C:/Program Files (x86)/Epic Games/4.14/Engine/Plugins/Developer/PerforceSourceControl/PerforceSourceControl.uplugin
LogPluginManager: Loaded Plugin SubversionSourceControl, From C:/Program Files (x86)/Epic Games/4.14/Engine/Plugins/Developer/SubversionSourceControl/SubversionSourceControl.uplugin
LogPluginManager: Loaded Plugin UObjectPlugin, From C:/Program Files (x86)/Epic Games/4.14/Engine/Plugins/Developer/UObjectPlugin/UObjectPlugin.uplugin
LogPluginManager: Loaded Plugin VisualStudioSourceCodeAccess, From C:/Program Files (x86)/Epic Games/4.14/Engine/Plugins/Developer/VisualStudioSourceCodeAccess/VisualStudioSourceCodeAccess.uplugin
LogPluginManager: Loaded Plugin XCodeSourceCodeAccess, From C:/Program Files (x86)/Epic Games/4.14/Engine/Plugins/Developer/XCodeSourceCodeAccess/XCodeSourceCodeAccess.uplugin
LogPluginManager: Loaded Plugin AudioCapture, From C:/Program Files (x86)/Epic Games/4.14/Engine/Plugins/Editor/AudioCapture/AudioCapture.uplugin
LogPluginManager: Loaded Plugin EpicSurvey, From C:/Program Files (x86)/Epic Games/4.14/Engine/Plugins/Editor/EpicSurvey/EpicSurvey.uplugin
LogPluginManager: Loaded Plugin MacGraphicsSwitching, From C:/Program Files (x86)/Epic Games/4.14/Engine/Plugins/Editor/MacGraphicsSwitching/MacGraphicsSwitching.uplugin
LogPluginManager: Loaded Plugin MobileLauncherProfileWizard, From C:/Program Files (x86)/Epic Games/4.14/Engine/Plugins/Editor/MobileLauncherProfileWizard/MobileLauncherProfileWizard.uplugin
LogPluginManager: Loaded Plugin PluginBrowser, From C:/Program Files (x86)/Epic Games/4.14/Engine/Plugins/Editor/PluginBrowser/PluginBrowser.uplugin
LogPluginManager: Loaded Plugin SpeedTreeImporter, From C:/Program Files (x86)/Epic Games/4.14/Engine/Plugins/Editor/SpeedTreeImporter/SpeedTreeImporter.uplugin
LogPluginManager: Loaded Plugin SuperSearchEditor, From C:/Program Files (x86)/Epic Games/4.14/Engine/Plugins/Editor/SuperSearchEditor/SuperSearchEditor.uplugin
LogPluginManager: Loaded Plugin AlembicImporter, From C:/Program Files (x86)/Epic Games/4.14/Engine/Plugins/Experimental/AlembicImporter/AlembicImporter.uplugin
LogPluginManager: Loaded Plugin BlueprintStats, From C:/Program Files (x86)/Epic Games/4.14/Engine/Plugins/Experimental/BlueprintStats/BlueprintStats.uplugin
LogPluginManager: Loaded Plugin CharacterAI, From C:/Program Files (x86)/Epic Games/4.14/Engine/Plugins/Experimental/CharacterAI/CharacterAI.uplugin
LogPluginManager: Loaded Plugin CodeEditor, From C:/Program Files (x86)/Epic Games/4.14/Engine/Plugins/Experimental/CodeEditor/CodeEditor.uplugin
LogPluginManager: Loaded Plugin CodeView, From C:/Program Files (x86)/Epic Games/4.14/Engine/Plugins/Experimental/CodeView/CodeView.uplugin
LogPluginManager: Loaded Plugin HTML5Networking, From C:/Program Files (x86)/Epic Games/4.14/Engine/Plugins/Experimental/HTML5Networking/HTML5Networking.uplugin
LogPluginManager: Loaded Plugin OSVR, From C:/Program Files (x86)/Epic Games/4.14/Engine/Plugins/Experimental/OSVR/OSVR.uplugin
LogPluginManager: Loaded Plugin Phya, From C:/Program Files (x86)/Epic Games/4.14/Engine/Plugins/Experimental/Phya/Phya.uplugin
LogPluginManager: Loaded Plugin SignificanceManager, From C:/Program Files (x86)/Epic Games/4.14/Engine/Plugins/Experimental/SignificanceManager/SignificanceManager.uplugin
LogPluginManager: Loaded Plugin SimpleHMD, From C:/Program Files (x86)/Epic Games/4.14/Engine/Plugins/Experimental/SimpleHMD/SimpleHMD.uplugin
LogPluginManager: Loaded Plugin StereoPanorama, From C:/Program Files (x86)/Epic Games/4.14/Engine/Plugins/Experimental/StereoPanorama/StereoPanorama.uplugin
LogPluginManager: Loaded Plugin StructBox, From C:/Program Files (x86)/Epic Games/4.14/Engine/Plugins/Experimental/StructBox/StructBox.uplugin
LogPluginManager: Loaded Plugin AndroidMedia, From C:/Program Files (x86)/Epic Games/4.14/Engine/Plugins/Media/AndroidMedia/AndroidMedia.uplugin
LogPluginManager: Loaded Plugin AvfMedia, From C:/Program Files (x86)/Epic Games/4.14/Engine/Plugins/Media/AvfMedia/AvfMedia.uplugin
LogPluginManager: Loaded Plugin MediaPlayerEditor, From C:/Program Files (x86)/Epic Games/4.14/Engine/Plugins/Media/MediaPlayerEditor/MediaPlayerEditor.uplugin
LogPluginManager: Loaded Plugin WmfMedia, From C:/Program Files (x86)/Epic Games/4.14/Engine/Plugins/Media/WmfMedia/WmfMedia.uplugin
LogPluginManager: Loaded Plugin MessagingDebugger, From C:/Program Files (x86)/Epic Games/4.14/Engine/Plugins/Messaging/MessagingDebugger/MessagingDebugger.uplugin
LogPluginManager: Loaded Plugin TcpMessaging, From C:/Program Files (x86)/Epic Games/4.14/Engine/Plugins/Messaging/TcpMessaging/TcpMessaging.uplugin
LogPluginManager: Loaded Plugin UdpMessaging, From C:/Program Files (x86)/Epic Games/4.14/Engine/Plugins/Messaging/UdpMessaging/UdpMessaging.uplugin
LogPluginManager: Loaded Plugin LevelSequenceEditor, From C:/Program Files (x86)/Epic Games/4.14/Engine/Plugins/MovieScene/LevelSequenceEditor/LevelSequenceEditor.uplugin
LogPluginManager: Loaded Plugin MatineeToLevelSequence, From C:/Program Files (x86)/Epic Games/4.14/Engine/Plugins/MovieScene/MatineeToLevelSequence/MatineeToLevelSequence.uplugin
LogPluginManager: Loaded Plugin NetcodeUnitTest, From C:/Program Files (x86)/Epic Games/4.14/Engine/Plugins/NetcodeUnitTest/NetcodeUnitTest/NetcodeUnitTest.uplugin
LogPluginManager: Loaded Plugin NUTUnrealEngine4, From C:/Program Files (x86)/Epic Games/4.14/Engine/Plugins/NetcodeUnitTest/NUTUnrealEngine4/NUTUnrealEngine4.uplugin
LogPluginManager: Loaded Plugin OnlineSubsystemGameCircle, From C:/Program Files (x86)/Epic Games/4.14/Engine/Plugins/Online/Android/OnlineSubsystemGameCircle/OnlineSubsystemGameCircle.uplugin
LogPluginManager: Loaded Plugin OnlineSubsystemGooglePlay, From C:/Program Files (x86)/Epic Games/4.14/Engine/Plugins/Online/Android/OnlineSubsystemGooglePlay/OnlineSubsystemGooglePlay.uplugin
LogPluginManager: Loaded Plugin OnlineSubsystemIOS, From C:/Program Files (x86)/Epic Games/4.14/Engine/Plugins/Online/IOS/OnlineSubsystemIOS/OnlineSubsystemIOS.uplugin
LogPluginManager: Loaded Plugin OnlineFramework, From C:/Program Files (x86)/Epic Games/4.14/Engine/Plugins/Online/OnlineFramework/OnlineFramework.uplugin
LogPluginManager: Loaded Plugin OnlineSubsystem, From C:/Program Files (x86)/Epic Games/4.14/Engine/Plugins/Online/OnlineSubsystem/OnlineSubsystem.uplugin
LogPluginManager: Loaded Plugin OnlineSubsystemAmazon, From C:/Program Files (x86)/Epic Games/4.14/Engine/Plugins/Online/OnlineSubsystemAmazon/OnlineSubsystemAmazon.uplugin
LogPluginManager: Loaded Plugin OnlineSubsystemFacebook, From C:/Program Files (x86)/Epic Games/4.14/Engine/Plugins/Online/OnlineSubsystemFacebook/OnlineSubsystemFacebook.uplugin
LogPluginManager: Loaded Plugin OnlineSubsystemNull, From C:/Program Files (x86)/Epic Games/4.14/Engine/Plugins/Online/OnlineSubsystemNull/OnlineSubsystemNull.uplugin
LogPluginManager: Loaded Plugin OnlineSubsystemOculus, From C:/Program Files (x86)/Epic Games/4.14/Engine/Plugins/Online/OnlineSubsystemOculus/OnlineSubsystemOculus.uplugin
LogPluginManager: Loaded Plugin OnlineSubsystemSteam, From C:/Program Files (x86)/Epic Games/4.14/Engine/Plugins/Online/OnlineSubsystemSteam/OnlineSubsystemSteam.uplugin
LogPluginManager: Loaded Plugin OnlineSubsystemUtils, From C:/Program Files (x86)/Epic Games/4.14/Engine/Plugins/Online/OnlineSubsystemUtils/OnlineSubsystemUtils.uplugin
LogPluginManager: Loaded Plugin IOSTapJoy, From C:/Program Files (x86)/Epic Games/4.14/Engine/Plugins/Runtime/Advertising/IOSTapJoy/IOSTapJoy.uplugin
LogPluginManager: Loaded Plugin AnalyticsBlueprintLibrary, From C:/Program Files (x86)/Epic Games/4.14/Engine/Plugins/Runtime/Analytics/AnalyticsBlueprintLibrary/AnalyticsBlueprintLibrary.uplugin
LogPluginManager: Loaded Plugin AnalyticsMulticast, From C:/Program Files (x86)/Epic Games/4.14/Engine/Plugins/Runtime/Analytics/AnalyticsMulticast/AnalyticsMulticast.uplugin
LogPluginManager: Loaded Plugin Apsalar, From C:/Program Files (x86)/Epic Games/4.14/Engine/Plugins/Runtime/Analytics/Apsalar/Apsalar.uplugin
LogPluginManager: Loaded Plugin FileLogging, From C:/Program Files (x86)/Epic Games/4.14/Engine/Plugins/Runtime/Analytics/FileLogging/FileLogging.uplugin
LogPluginManager: Loaded Plugin Flurry, From C:/Program Files (x86)/Epic Games/4.14/Engine/Plugins/Runtime/Analytics/Flurry/Flurry.uplugin
LogPluginManager: Loaded Plugin AndroidDeviceProfileSelector, From C:/Program Files (x86)/Epic Games/4.14/Engine/Plugins/Runtime/AndroidDeviceProfileSelector/AndroidDeviceProfileSelector.uplugin
LogPluginManager: Loaded Plugin AndroidMoviePlayer, From C:/Program Files (x86)/Epic Games/4.14/Engine/Plugins/Runtime/AndroidMoviePlayer/AndroidMoviePlayer.uplugin
LogPluginManager: Loaded Plugin AppleMoviePlayer, From C:/Program Files (x86)/Epic Games/4.14/Engine/Plugins/Runtime/AppleMoviePlayer/AppleMoviePlayer.uplugin
LogPluginManager: Loaded Plugin ArchVisCharacter, From C:/Program Files (x86)/Epic Games/4.14/Engine/Plugins/Runtime/ArchVisCharacter/ArchVisCharacter.uplugin
LogPluginManager: Loaded Plugin CableComponent, From C:/Program Files (x86)/Epic Games/4.14/Engine/Plugins/Runtime/CableComponent/CableComponent.uplugin
LogPluginManager: Loaded Plugin CustomMeshComponent, From C:/Program Files (x86)/Epic Games/4.14/Engine/Plugins/Runtime/CustomMeshComponent/CustomMeshComponent.uplugin
LogPluginManager: Loaded Plugin ExampleDeviceProfileSelector, From C:/Program Files (x86)/Epic Games/4.14/Engine/Plugins/Runtime/ExampleDeviceProfileSelector/ExampleDeviceProfileSelector.uplugin
LogPluginManager: Loaded Plugin GearVR, From C:/Program Files (x86)/Epic Games/4.14/Engine/Plugins/Runtime/GearVR/GearVR.uplugin
LogPluginManager: Loaded Plugin GoogleVRController, From C:/Program Files (x86)/Epic Games/4.14/Engine/Plugins/Runtime/GoogleVR/GoogleVRController/GoogleVRController.uplugin
LogPluginManager: Loaded Plugin GoogleVRHMD, From C:/Program Files (x86)/Epic Games/4.14/Engine/Plugins/Runtime/GoogleVR/GoogleVRHMD/GoogleVRHMD.uplugin
LogPluginManager: Loaded Plugin IOSDeviceProfileSelector, From C:/Program Files (x86)/Epic Games/4.14/Engine/Plugins/Runtime/IOSDeviceProfileSelector/IOSDeviceProfileSelector.uplugin
LogPluginManager: Loaded Plugin LeapMotion, From C:/Program Files (x86)/Epic Games/4.14/Engine/Plugins/Runtime/LeapMotion/LeapMotion.uplugin
LogPluginManager: Loaded Plugin LinuxDeviceProfileSelector, From C:/Program Files (x86)/Epic Games/4.14/Engine/Plugins/Runtime/LinuxDeviceProfileSelector/LinuxDeviceProfileSelector.uplugin
LogPluginManager: Loaded Plugin MIDIDevice, From C:/Program Files (x86)/Epic Games/4.14/Engine/Plugins/Runtime/MIDIDevice/MIDIDevice.uplugin
LogPluginManager: Loaded Plugin MobilePatchingUtils, From C:/Program Files (x86)/Epic Games/4.14/Engine/Plugins/Runtime/MobilePatchingUtils/MobilePatchingUtils.uplugin
LogPluginManager: Loaded Plugin Ansel, From C:/Program Files (x86)/Epic Games/4.14/Engine/Plugins/Runtime/Nvidia/Ansel/Ansel.uplugin
LogPluginManager: Loaded Plugin OculusAudio, From C:/Program Files (x86)/Epic Games/4.14/Engine/Plugins/Runtime/OculusAudio/OculusAudio.uplugin
LogPluginManager: Loaded Plugin OculusInput, From C:/Program Files (x86)/Epic Games/4.14/Engine/Plugins/Runtime/OculusInput/OculusInput.uplugin
LogPluginManager: Loaded Plugin OculusLibrary, From C:/Program Files (x86)/Epic Games/4.14/Engine/Plugins/Runtime/OculusLibrary/OculusLibrary.uplugin
LogPluginManager: Loaded Plugin OculusRift, From C:/Program Files (x86)/Epic Games/4.14/Engine/Plugins/Runtime/OculusRift/OculusRift.uplugin
LogPluginManager: Loaded Plugin Oodle, From C:/Program Files (x86)/Epic Games/4.14/Engine/Plugins/Runtime/PacketHandlers/CompressionComponents/Oodle/Oodle.uplugin
LogPluginManager: Loaded Plugin ProceduralMeshComponent, From C:/Program Files (x86)/Epic Games/4.14/Engine/Plugins/Runtime/ProceduralMeshComponent/ProceduralMeshComponent.uplugin
LogPluginManager: Loaded Plugin SoundMod, From C:/Program Files (x86)/Epic Games/4.14/Engine/Plugins/Runtime/SoundMod/SoundMod.uplugin
LogPluginManager: Loaded Plugin SoundVisualizations, From C:/Program Files (x86)/Epic Games/4.14/Engine/Plugins/Runtime/SoundVisualizations/SoundVisualizations.uplugin
LogPluginManager: Loaded Plugin SteamController, From C:/Program Files (x86)/Epic Games/4.14/Engine/Plugins/Runtime/Steam/SteamController/SteamController.uplugin
LogPluginManager: Loaded Plugin SteamVR, From C:/Program Files (x86)/Epic Games/4.14/Engine/Plugins/Runtime/Steam/SteamVR/SteamVR.uplugin
LogPluginManager: Loaded Plugin WebBrowserWidget, From C:/Program Files (x86)/Epic Games/4.14/Engine/Plugins/Runtime/WebBrowserWidget/WebBrowserWidget.uplugin
LogPluginManager: Loaded Plugin WindowsDeviceProfileSelector, From C:/Program Files (x86)/Epic Games/4.14/Engine/Plugins/Runtime/WindowsDeviceProfileSelector/WindowsDeviceProfileSelector.uplugin
LogPluginManager: Loaded Plugin WindowsMoviePlayer, From C:/Program Files (x86)/Epic Games/4.14/Engine/Plugins/Runtime/WindowsMoviePlayer/WindowsMoviePlayer.uplugin
LogPluginManager: Loaded Plugin ScriptPlugin, From C:/Program Files (x86)/Epic Games/4.14/Engine/Plugins/ScriptPlugin/ScriptPlugin.uplugin
LogPluginManager: Loaded Plugin SlateRemote, From C:/Program Files (x86)/Epic Games/4.14/Engine/Plugins/Slate/SlateRemote/SlateRemote.uplugin
LogPluginManager: Loaded Plugin EditorTests, From C:/Program Files (x86)/Epic Games/4.14/Engine/Plugins/Tests/EditorTests/EditorTests.uplugin
LogPluginManager: Loaded Plugin FbxAutomationTestBuilder, From C:/Program Files (x86)/Epic Games/4.14/Engine/Plugins/Tests/FbxAutomationTestBuilder/FbxAutomationTestBuilder.uplugin
LogPluginManager: Loaded Plugin FunctionalTestingEditor, From C:/Program Files (x86)/Epic Games/4.14/Engine/Plugins/Tests/FunctionalTestingEditor/FunctionalTestingEditor.uplugin
LogPluginManager: Loaded Plugin RuntimeTests, From C:/Program Files (x86)/Epic Games/4.14/Engine/Plugins/Tests/RuntimeTests/RuntimeTests.uplugin
LogPluginManager: Loaded Plugin ScreenshotTools, From C:/Program Files (x86)/Epic Games/4.14/Engine/Plugins/Tests/ScreenshotTools/ScreenshotTools.uplugin
LogInit: Using libcurl 7.47.1
LogInit:  - built for x86_64-pc-win32
LogInit:  - supports SSL with OpenSSL/1.0.2g
LogInit:  - supports HTTP deflate (compression) using libz 1.2.8
LogInit:  - other features:
LogInit:      CURL_VERSION_SSL
LogInit:      CURL_VERSION_LIBZ
LogInit:      CURL_VERSION_IPV6
LogInit:      CURL_VERSION_ASYNCHDNS
LogInit:      CURL_VERSION_LARGEFILE
LogInit:      CURL_VERSION_IDN
LogInit:  CurlRequestOptions (configurable via config and command line):
LogInit:  - bVerifyPeer = false  - Libcurl will NOT verify peer certificate
LogInit:  - bUseHttpProxy = false  - Libcurl will NOT use HTTP proxy
LogInit:  - bDontReuseConnections = false  - Libcurl will reuse connections
LogInit:  - CertBundlePath = nullptr  - Libcurl will use whatever was configured at build time.
LogInit: Build: ++UE4+Release-4.14-CL-3249277
LogInit: Engine Version: 4.14.3-3249277+++UE4+Release-4.14
LogInit: Compatible Engine Version: 4.14.0-3195953+++UE4+Release-4.14
LogInit: Net CL: 3195953
LogDevObjectVersion: Number of dev versions registered: 13
LogDevObjectVersion:   Dev-Blueprints (B0D832E4-1F89-4F0D-ACCF-7EB736FD4AA2): 7
LogDevObjectVersion:   Dev-Build (E1C64328-A22C-4D53-A36C-8E866417BD8C): 0
LogDevObjectVersion:   Dev-Core (375EC13C-06E4-48FB-B500-84F0262A717E): 1
LogDevObjectVersion:   Dev-Editor (E4B068ED-F494-42E9-A231-DA0B2E46BB41): 8
LogDevObjectVersion:   Dev-Framework (CFFC743F-43B0-4480-9391-14DF171D2073): 17
LogDevObjectVersion:   Dev-Mobile (B02B49B5-BB20-44E9-A304-32B752E40360): 0
LogDevObjectVersion:   Dev-Networking (A4E4105C-59A1-49B5-A7C5-40C4547EDFEE): 0
LogDevObjectVersion:   Dev-Online (39C831C9-5AE6-47DC-9A44-9C173E1C8E7C): 0
LogDevObjectVersion:   Dev-Physics (78F01B33-EBEA-4F98-B9B4-84EACCB95AA2): 0
LogDevObjectVersion:   Dev-Platform (6631380F-2D4D-43E0-8009-CF276956A95A): 0
LogDevObjectVersion:   Dev-Rendering (12F88B9F-8875-4AFC-A67C-D90C383ABD29): 12
LogDevObjectVersion:   Dev-Sequencer (7B5AE74C-D270-4C10-A958-57980B212A5A): 1
LogDevObjectVersion:   Dev-VR (D7296918-1DD6-4BDD-9DE2-64A83CC13884): 0
LogInit: Compiled (64-bit): Jan  6 2017 10:49:43
LogInit: Compiled with Visual C++: 19.00.23026.00
LogInit: Build Configuration: Development
LogInit: Branch Name: ++UE4+Release-4.14
LogInit: Command line: -EpicPortal 
LogInit: Base directory: C:/Program Files (x86)/Epic Games/4.14/Engine/Binaries/Win64/
LogInit: Installed Engine Build: 1
LogInit: Presizing for max 8388607 objects, including 0 objects not considered by GC, pre-allocating 0 bytes for permanent pool.
LogInit: Object subsystem initialized
[2017.07.10-17.10.24:767][  0]LogInit: Selected Device Profile: [Windows]
[2017.07.10-17.10.24:767][  0]LogInit: Applying CVar settings loaded from the selected device profile: [Windows]
[2017.07.10-17.10.24:776][  0]LogInit: Computer: IGMOH1380-03
[2017.07.10-17.10.24:776][  0]LogInit: User: IGMAdmin
[2017.07.10-17.10.24:776][  0]LogInit: CPU Page size=65536, Cores=2
[2017.07.10-17.10.24:776][  0]LogInit: High frequency timer resolution =3.328130 MHz
[2017.07.10-17.10.24:776][  0]LogMemory: Memory total: Physical=15.9GB (16GB approx)
[2017.07.10-17.10.24:776][  0]LogMemory: Platform Memory Stats for Windows
[2017.07.10-17.10.24:776][  0]LogMemory: Process Physical Memory: 263.84 MB used, 263.84 MB peak
[2017.07.10-17.10.24:776][  0]LogMemory: Process Virtual Memory: 262.51 MB used, 262.51 MB peak
[2017.07.10-17.10.24:776][  0]LogMemory: Physical Memory: 3938.69 MB used,  12387.13 MB free, 16325.82 MB total
[2017.07.10-17.10.24:776][  0]LogMemory: Virtual Memory: 674.54 MB used,  12387.13 MB free, 134217728.00 MB total
[2017.07.10-17.10.24:799][  0]LogTextLocalizationManager: No specific translations for ('en-US') exist, so ('en') translations will be used.
[2017.07.10-17.10.25:349][  0]LogD3D11RHI: D3D11 adapters:
[2017.07.10-17.10.25:372][  0]LogD3D11RHI:    0. 'NVIDIA GeForce GTX 1070' (Feature Level 11_0)
[2017.07.10-17.10.25:372][  0]LogD3D11RHI:       8145/0/8162 MB DedicatedVideo/DedicatedSystem/SharedSystem, Outputs:2, VendorId:0x10de
[2017.07.10-17.10.25:373][  0]LogD3D11RHI:    1. 'Microsoft Basic Render Driver' (Feature Level 11_0)
[2017.07.10-17.10.25:373][  0]LogD3D11RHI:       0/0/8162 MB DedicatedVideo/DedicatedSystem/SharedSystem, Outputs:0, VendorId:0x1414
[2017.07.10-17.10.25:373][  0]LogD3D11RHI: Chosen D3D11 Adapter: 0
[2017.07.10-17.10.25:377][  0]LogD3D11RHI: Creating new Direct3DDevice
[2017.07.10-17.10.25:377][  0]LogD3D11RHI:     GPU DeviceId: 0x1b81 (for the marketing name, search the web for "GPU Device Id")
[2017.07.10-17.10.25:377][  0]LogWindows: EnumDisplayDevices:
[2017.07.10-17.10.25:377][  0]LogWindows:    0. 'NVIDIA GeForce GTX 1070' (P:1 D:1)
[2017.07.10-17.10.25:377][  0]LogWindows:    1. 'NVIDIA GeForce GTX 1070' (P:0 D:1)
[2017.07.10-17.10.25:377][  0]LogWindows:    2. 'NVIDIA GeForce GTX 1070' (P:0 D:0)
[2017.07.10-17.10.25:377][  0]LogWindows:    3. 'NVIDIA GeForce GTX 1070' (P:0 D:0)
[2017.07.10-17.10.25:378][  0]LogWindows: DebugString: FoundDriverCount:4 
[2017.07.10-17.10.25:378][  0]LogD3D11RHI:     Adapter Name: NVIDIA GeForce GTX 1070
[2017.07.10-17.10.25:378][  0]LogD3D11RHI:   Driver Version: 376.33 (internal:21.21.13.7633, unified:376.33)
[2017.07.10-17.10.25:378][  0]LogD3D11RHI:      Driver Date: 12-11-2016
[2017.07.10-17.10.25:378][  0]LogRHI: Texture pool is 1361 MB (70% of 1945 MB)
[2017.07.10-17.10.25:395][  0]LogD3D11RHI: Async texture creation enabled
[2017.07.10-17.10.25:406][  0]LogD3D11RHI: GPU Timing Frequency: 1000.000000 (Debug: 2 1)
[2017.07.10-17.10.25:407][  0]LogShaderCompilers: Guid format shader working directory is 20 characters bigger than the processId version (D:/KOC/New folder/firstPerson/Intermediate/Shaders/WorkingDirectory/4416/).
[2017.07.10-17.10.25:407][  0]LogShaderCompilers: Cleaned the shader compiler working directory 'C:/Users/IGMAdmin/AppData/Local/Temp/UnrealShaderWorkingDir/4395D8FB47F504BB35D8C48D2AB97DC6/'.
[2017.07.10-17.10.25:407][  0]LogShaderCompilers:Display: Using Local Shader Compiler.
[2017.07.10-17.10.26:356][  0]LogTemp:Display: Loaded TP AllDesktopTargetPlatform
[2017.07.10-17.10.26:403][  0]LogTemp:Display: Loaded TP MacClientTargetPlatform
[2017.07.10-17.10.26:449][  0]LogTemp:Display: Loaded TP MacNoEditorTargetPlatform
[2017.07.10-17.10.26:495][  0]LogTemp:Display: Loaded TP MacServerTargetPlatform
[2017.07.10-17.10.26:541][  0]LogTemp:Display: Loaded TP MacTargetPlatform
[2017.07.10-17.10.26:588][  0]LogTemp:Display: Loaded TP WindowsClientTargetPlatform
[2017.07.10-17.10.26:634][  0]LogTemp:Display: Loaded TP WindowsNoEditorTargetPlatform
[2017.07.10-17.10.26:681][  0]LogTemp:Display: Loaded TP WindowsServerTargetPlatform
[2017.07.10-17.10.26:719][  0]LogTemp:Display: Loaded TP WindowsTargetPlatform
[2017.07.10-17.10.26:764][  0]LogTemp:Display: Loaded TP AndroidTargetPlatform
[2017.07.10-17.10.26:810][  0]LogTemp:Display: Loaded TP Android_ASTCTargetPlatform
[2017.07.10-17.10.26:856][  0]LogTemp:Display: Loaded TP Android_ATCTargetPlatform
[2017.07.10-17.10.26:902][  0]LogTemp:Display: Loaded TP Android_DXTTargetPlatform
[2017.07.10-17.10.26:947][  0]LogTemp:Display: Loaded TP Android_ETC1TargetPlatform
[2017.07.10-17.10.26:992][  0]LogTemp:Display: Loaded TP Android_ETC2TargetPlatform
[2017.07.10-17.10.27:085][  0]LogTemp:Display: Loaded TP Android_MultiTargetPlatform
[2017.07.10-17.10.27:085][  0]LogTemp:Display: Loaded TP Android_PVRTCTargetPlatform
[2017.07.10-17.10.27:117][  0]LogTemp:Display: Loaded TP HTML5TargetPlatform
[2017.07.10-17.10.27:191][  0]LogTemp:Display: Loaded TP IOSTargetPlatform
[2017.07.10-17.10.27:220][  0]LogTemp:Display: Loaded TP TVOSTargetPlatform
[2017.07.10-17.10.27:265][  0]LogTemp:Display: Loaded TP LinuxClientTargetPlatform
[2017.07.10-17.10.27:310][  0]LogTemp:Display: Loaded TP LinuxNoEditorTargetPlatform
[2017.07.10-17.10.27:355][  0]LogTemp:Display: Loaded TP LinuxServerTargetPlatform
[2017.07.10-17.10.27:401][  0]LogTemp:Display: Loaded TP LinuxTargetPlatform
[2017.07.10-17.10.27:401][  0]LogTargetPlatformManager:Display: Building Assets For Windows
[2017.07.10-17.10.27:722][  0]LogDerivedDataCache:Display: Max Cache Size: 512 MB
[2017.07.10-17.10.27:765][  0]LogDerivedDataCache: Loaded boot cache 0.04s 50MB C:/Users/IGMAdmin/AppData/Local/UnrealEngine/4.14/DerivedDataCache/Boot.ddc.
[2017.07.10-17.10.27:765][  0]LogDerivedDataCache:Display: Loaded Boot cache: C:/Users/IGMAdmin/AppData/Local/UnrealEngine/4.14/DerivedDataCache/Boot.ddc
[2017.07.10-17.10.27:765][  0]LogDerivedDataCache: FDerivedDataBackendGraph:  Pak pak cache file D:/KOC/New folder/firstPerson/DerivedDataCache/DDC.ddp not found, will not use a pak cache.
[2017.07.10-17.10.27:765][  0]LogDerivedDataCache: Unable to find inner node Pak for hierarchical cache Hierarchy.
[2017.07.10-17.10.27:765][  0]LogDerivedDataCache: FDerivedDataBackendGraph:  CompressedPak pak cache file D:/KOC/New folder/firstPerson/DerivedDataCache/Compressed.ddp not found, will not use a pak cache.
[2017.07.10-17.10.27:765][  0]LogDerivedDataCache: Unable to find inner node CompressedPak for hierarchical cache Hierarchy.
[2017.07.10-17.10.27:780][  0]LogDerivedDataCache:Display: Pak cache opened for reading ../../../Engine/DerivedDataCache/Compressed.ddp.
[2017.07.10-17.10.27:792][  0]LogDerivedDataCache: Using Local data cache path C:/Users/IGMAdmin/AppData/Local/UnrealEngine/Common/DerivedDataCache: Writable
[2017.07.10-17.10.27:960][  0]LogInit: Selected Device Profile: [Windows]
[2017.07.10-17.10.27:963][  0]LogContentStreaming: Texture pool size is 0.00 MB
[2017.07.10-17.10.28:136][  0]LogMeshUtilities: Using QuadricMeshReduction for automatic static mesh reduction
[2017.07.10-17.10.28:173][  0]LogSimplygon: Simplygon DLL not present - disabling.
[2017.07.10-17.10.28:212][  0]LogMeshUtilities: Using SimplygonSwarm for distributed automatic mesh merging
[2017.07.10-17.10.28:212][  0]LogMeshUtilities: No automatic skeletal mesh reduction module available
[2017.07.10-17.10.28:212][  0]LogMeshUtilities: No automatic mesh merging module available
[2017.07.10-17.10.28:628][  0]LogNetVersion: GetLocalNetworkVersion: CL: 3195953, ProjectName: firstperson, ProjectVersion: , EngineNetworkVersion: 2, GameNetworkVersion: 0, NetworkChecksum: 727337902
[2017.07.10-17.10.28:680][  0]LogAssetRegistry: FAssetRegistry took 0.0221 seconds to start up
[2017.07.10-17.10.28:723][  0]LogPackageLocalizationCache: Processed 3 localized package path(s) for 2 prioritized culture(s) in 0.018520 seconds
[2017.07.10-17.10.28:727][  0]LogUObjectArray: 31946 objects as part of root set at end of initial load.
[2017.07.10-17.10.28:727][  0]LogUObjectAllocator: 6935848 out of 0 bytes used by permanent object pool.
[2017.07.10-17.10.28:727][  0]LogUObjectArray: CloseDisregardForGC: 0/0 objects in disregard for GC pool
[2017.07.10-17.10.28:780][  0]LogInit: WinSock: version 1.1 (2.2), MaxSocks=32767, MaxUdp=65467
[2017.07.10-17.10.29:443][  0]LogSlate: Using Freetype 2.6.0
[2017.07.10-17.10.29:444][  0]LogSlate: SlateFontCache - WITH_FREETYPE: 1, WITH_HARFBUZZ: 1
[2017.07.10-17.10.29:444][  0]LogSlate: SlateFontCache - WITH_FREETYPE: 1, WITH_HARFBUZZ: 1
[2017.07.10-17.10.30:153][  0]LogTcpMessaging: Initializing TcpMessaging bridge
[2017.07.10-17.10.30:208][  0]LogUdpMessaging: Initializing bridge on interface 0.0.0.0:0 to multicast group 230.0.0.1:6666.
[2017.07.10-17.10.30:487][  0]LogMaterial: Uniform references updated for custom material expression Custom.
[2017.07.10-17.10.30:827][  0]SourceControl: Info Source control is disabled
[2017.07.10-17.10.30:866][  0]SourceControl: Info Source control is disabled
[2017.07.10-17.10.30:907][  0]SourceControl: Info Source control is disabled
[2017.07.10-17.10.30:947][  0]SourceControl: Info Source control is disabled
[2017.07.10-17.10.32:096][  0]LogEngine: Initializing Engine...
[2017.07.10-17.10.32:096][  0]LogHMD: Failed to initialize OpenVR with code 110
[2017.07.10-17.10.32:325][  0]LogAIModule: Creating AISystem for world Untitled
[2017.07.10-17.10.32:342][  0]LogInit: XAudio2 using 'Alienware2310-C (NVIDIA High Definition Audio)' : 2 channels at 48 kHz using 16 bits per sample (channel mask 0x3)
[2017.07.10-17.10.32:357][  0]LogInit: FAudioDevice initialized.
[2017.07.10-17.10.32:379][  0]LogDerivedDataCache: Saved boot cache 0.02s 50MB C:/Users/IGMAdmin/AppData/Local/UnrealEngine/4.14/DerivedDataCache/Boot.ddc.
[2017.07.10-17.10.32:385][  0]LogInit: Texture streaming: Enabled
[2017.07.10-17.10.32:552][  0]LogInit: Transaction tracking system initialized
[2017.07.10-17.10.32:874][  0]BlueprintLog: New page: Editor Load
[2017.07.10-17.10.33:751][  0]LocalizationService: Info Localization service is disabled
[2017.07.10-17.10.34:372][  0]LogConsoleResponse:Display: 
[2017.07.10-17.10.34:496][  0]LogCook:Display: Max memory allowance for cook 16384mb min free memory 0mb
[2017.07.10-17.10.34:496][  0]LogCook:Display: Mobile HDR setting 1
[2017.07.10-17.10.35:306][  0]LogFileCache: Scanning file cache for directory 'D:/KOC/New folder/firstPerson/Content/' took 0.01s
[2017.07.10-17.10.35:306][  0]SourceControl: Info Source control is disabled
[2017.07.10-17.10.35:306][  0]Cmd: MAP LOAD FILE="D:/KOC/New folder/firstPerson/Content/FirstPersonBP/Maps/FirstPersonExampleMap.umap" TEMPLATE=0 SHOWPROGRESS=1 FEATURELEVEL=3
[2017.07.10-17.10.35:307][  0]LightingResults: New page: Lighting Build
[2017.07.10-17.10.35:341][  0]MapCheck: New page: Map Check
[2017.07.10-17.10.35:341][  0]LightingResults: New page: Lighting Build
[2017.07.10-17.10.35:834][  0]LogTexture:Display: Building textures: T_ML_Rubber_Blue_01_D (AutoDXT)
[2017.07.10-17.10.41:451][  0]LogTexture:Display: Building textures: T_ML_Rubber_Blue_01_N (BC5)
[2017.07.10-17.10.42:152][  0]LogTexture:Display: Building textures: T_ML_Rubber_Blue_01_D (AutoDXT)
[2017.07.10-17.10.47:593][  0]LogTexture:Display: Building textures: T_ML_Rubber_Blue_01_N (BC5)
[2017.07.10-17.10.48:186][  0]LogTexture:Display: Building textures: T_ML_Aluminum01_N (BC5)
[2017.07.10-17.10.48:904][  0]LogTexture:Display: Building textures: T_ML_Aluminum01 (AutoDXT)
[2017.07.10-17.10.54:433][  0]LogTexture:Display: Building textures: T_ML_Aluminum01 (AutoDXT)
[2017.07.10-17.10.59:915][  0]LogTexture:Display: Building textures: T_ML_Aluminum01_N (BC5)
[2017.07.10-17.11.00:543][  0]LogTexture:Display: Building textures: T_FPGun_N (BC5)
[2017.07.10-17.11.01:007][  0]LogTexture:Display: Building textures: T_FPGun_M (AutoDXT)
[2017.07.10-17.11.01:743][  0]LogTexture:Display: Building textures: FirstPersonCrosshair (AutoDXT)
[2017.07.10-17.11.01:798][  0]LogTexture:Display: Building textures: HQ_Lightmap0_1 (AutoDXT)
[2017.07.10-17.11.02:769][  0]LogTexture:Display: Building textures: HQ_Lightmap0_2 (AutoDXT)
[2017.07.10-17.11.03:570][  0]LogTexture:Display: Building textures: HQ_Lightmap0_3 (AutoDXT)
[2017.07.10-17.11.05:286][  0]LogTexture:Display: Building textures: HQ_Lightmap0_4 (AutoDXT)
[2017.07.10-17.11.05:839][  0]LogTexture:Display: Building textures: HQ_Lightmap0_5 (AutoDXT)
[2017.07.10-17.11.05:874][  0]LogTexture:Display: Building textures: LQ_Lightmap_0_1 (DXT1)
[2017.07.10-17.11.06:110][  0]LogTexture:Display: Building textures: LQ_Lightmap_0_2 (DXT1)
[2017.07.10-17.11.06:356][  0]LogTexture:Display: Building textures: LQ_Lightmap_0_3 (DXT1)
[2017.07.10-17.11.06:844][  0]LogTexture:Display: Building textures: LQ_Lightmap_0_4 (DXT1)
[2017.07.10-17.11.07:046][  0]LogTexture:Display: Building textures: LQ_Lightmap_0_5 (DXT1)
[2017.07.10-17.11.07:070][  0]LogTexture:Display: Building textures: SkyOcclusion0_1 (AutoDXT)
[2017.07.10-17.11.07:430][  0]LogTexture:Display: Building textures: SkyOcclusion0_2 (AutoDXT)
[2017.07.10-17.11.07:775][  0]LogTexture:Display: Building textures: SkyOcclusion0_3 (AutoDXT)
[2017.07.10-17.11.08:378][  0]LogTexture:Display: Building textures: SkyOcclusion0_4 (AutoDXT)
[2017.07.10-17.11.08:641][  0]LogTexture:Display: Building textures: SkyOcclusion0_5 (AutoDXT)
[2017.07.10-17.11.08:649][  0]LogTexture:Display: Building textures: ShadowMapTexture2D_0 (G8)
[2017.07.10-17.11.08:705][  0]LogTexture:Display: Building textures: ShadowMapTexture2D_1 (G8)
[2017.07.10-17.11.08:760][  0]LogTexture:Display: Building textures: ShadowMapTexture2D_2 (G8)
[2017.07.10-17.11.08:813][  0]LogTexture:Display: Building textures: ShadowMapTexture2D_3 (G8)
[2017.07.10-17.11.08:868][  0]LogTexture:Display: Building textures: ShadowMapTexture2D_4 (G8)
[2017.07.10-17.11.08:922][  0]LogTexture:Display: Building textures: ShadowMapTexture2D_5 (G8)
[2017.07.10-17.11.08:977][  0]LogTexture:Display: Building textures: ShadowMapTexture2D_6 (G8)
[2017.07.10-17.11.09:029][  0]LogTexture:Display: Building textures: ShadowMapTexture2D_7 (G8)
[2017.07.10-17.11.09:100][  0]LogAIModule: Creating AISystem for world FirstPersonExampleMap
[2017.07.10-17.11.09:112][  0]LogEditorServer: Finished looking for orphan Actors (0.000 secs)
[2017.07.10-17.11.09:113][  0]Cmd: MAP CHECKDEP NOCLEARLOG
[2017.07.10-17.11.09:149][  0]MapCheck: Info Map check complete: 0 Error(s), 0 Warning(s), took 35.991ms to complete.
[2017.07.10-17.11.09:149][  0]LogFileHelpers: Loading map 'FirstPersonExampleMap' took 33.844
[2017.07.10-17.11.09:202][  0]LogWindowsTextInputMethodSystem:Display: IME system now deactivated.
[2017.07.10-17.11.09:269][  0]LogCollectionManager: Loaded 0 collections in 0.001155 seconds
[2017.07.10-17.11.09:343][  0]LogFileCache: Scanning file cache for directory 'D:/KOC/New folder/firstPerson/Saved/Collections/' took 0.01s
[2017.07.10-17.11.09:343][  0]LogFileCache: Scanning file cache for directory 'D:/KOC/New folder/firstPerson/Content/Developers/IGMAdmin/Collections/' took 0.01s
[2017.07.10-17.11.09:343][  0]LogFileCache: Scanning file cache for directory 'D:/KOC/New folder/firstPerson/Content/Collections/' took 0.01s
[2017.07.10-17.11.09:343][  0]LogCollectionManager: Rebuilt the GUID cache for 0 collections in 0.000002 seconds
[2017.07.10-17.11.09:351][  0]LogContentBrowser: Native class hierarchy populated in 0.0075 seconds. Added 2190 classes and 428 folders.
[2017.07.10-17.11.09:386][  0]LogStats: UGameplayTagsManager::ConstructGameplayTagTree: Construct from data asset -  0.000 s
[2017.07.10-17.11.09:386][  0]LogStats: UGameplayTagsManager::ConstructGameplayTagTree: GameplayTagTreeChangedEvent.Broadcast -  0.000 s
[2017.07.10-17.11.09:386][  0]LogContentBrowser: Native class hierarchy updated for 'GameplayTags' in 0.0004 seconds. Added 13 classes and 0 folders.
[2017.07.10-17.11.09:437][  0]LogContentBrowser: Native class hierarchy updated for 'WidgetCarousel' in 0.0004 seconds. Added 0 classes and 0 folders.
[2017.07.10-17.11.09:468][  0]LogContentBrowser: Native class hierarchy updated for 'AddContentDialog' in 0.0004 seconds. Added 0 classes and 0 folders.
[2017.07.10-17.11.09:503][  0]LogContentBrowser: Native class hierarchy updated for 'SceneOutliner' in 0.0004 seconds. Added 1 classes and 2 folders.
[2017.07.10-17.11.09:536][  0]LogCrashTracker: Crashtracker disabled due to settings.
[2017.07.10-17.11.09:621][  0]LogContentBrowser: Native class hierarchy updated for 'HierarchicalLODOutliner' in 0.0004 seconds. Added 1 classes and 2 folders.
[2017.07.10-17.11.09:621][  0]LogLoad: (Engine Initialization) Total time: 45.90 seconds
[2017.07.10-17.11.09:621][  0]LogLoad: (Engine Initialization) Total Blueprint compile time: 0.16 seconds
[2017.07.10-17.11.09:621][  0]LogExternalProfiler: Found external profiler: VSPerf
[2017.07.10-17.11.09:621][  0]LogExternalProfiler: Using external profiler: VSPerf
[2017.07.10-17.11.09:631][  0]LogOcInput: OculusInput pre-init called
[2017.07.10-17.11.09:647][  0]LogAssetRegistry: Asset discovery search completed in 40.9901 seconds
[2017.07.10-17.11.09:647][  0]LogCollectionManager: Rebuilt the object cache for 0 collections in 0.000001 seconds (found 0 objects)
[2017.07.10-17.11.09:647][  0]LogCollectionManager: Fixed up redirectors for 0 collections in 0.000013 seconds (updated 0 objects)
[2017.07.10-17.11.09:649][  0]LogContentStreaming: Texture pool size now 1000 MB
[2017.07.10-17.11.09:779][  0]LogRenderer: Reallocating scene render targets to support 1208x576 NumSamples 1 (Frame:2).
[2017.07.10-17.11.27:279][ 76]LogTemp: Repeting last play command: Selected Viewport
[2017.07.10-17.11.27:283][ 76]LogBlueprintUserMessages: Early PlayInEditor Detection: Level '/Game/FirstPersonBP/Maps/FirstPersonExampleMap.FirstPersonExampleMap:PersistentLevel' has LevelScriptBlueprint '/Game/FirstPersonBP/Maps/FirstPersonExampleMap.FirstPersonExampleMap:PersistentLevel.FirstPersonExampleMap' with GeneratedClass '/Game/FirstPersonBP/Maps/FirstPersonExampleMap.FirstPersonExampleMap_C' with ClassGeneratedBy '/Game/FirstPersonBP/Maps/FirstPersonExampleMap.FirstPersonExampleMap:PersistentLevel.FirstPersonExampleMap'
[2017.07.10-17.11.27:283][ 76]LogPlayLevel: PlayLevel: No blueprints needed recompiling
[2017.07.10-17.11.27:283][ 76]PIE: New page: PIE session: FirstPersonExampleMap (Jul 10, 2017, 9:11:27 AM)
[2017.07.10-17.11.27:283][ 76]LogPlayLevel: Creating play world package: /Game/FirstPersonBP/Maps/UEDPIE_0_FirstPersonExampleMap
[2017.07.10-17.11.27:305][ 76]LogPlayLevel: PIE: StaticDuplicateObject took: (0.021400s)
[2017.07.10-17.11.27:305][ 76]LogAIModule: Creating AISystem for world FirstPersonExampleMap
[2017.07.10-17.11.27:306][ 76]LogPlayLevel: PIE: World Init took: (0.000948s)
[2017.07.10-17.11.27:306][ 76]LogPlayLevel: PIE: Created PIE world by copying editor world from /Game/FirstPersonBP/Maps/FirstPersonExampleMap.FirstPersonExampleMap to /Game/FirstPersonBP/Maps/UEDPIE_0_FirstPersonExampleMap.FirstPersonExampleMap (0.022714s)
[2017.07.10-17.11.27:338][ 76]LogInit: XAudio2 using 'Alienware2310-C (NVIDIA High Definition Audio)' : 2 channels at 48 kHz using 16 bits per sample (channel mask 0x3)
[2017.07.10-17.11.27:342][ 76]LogInit: FAudioDevice initialized.
[2017.07.10-17.11.27:385][ 76]LogLoad: Game class is 'FirstPersonGameMode_C'
[2017.07.10-17.11.27:388][ 76]LogWorld: Bringing World /Game/FirstPersonBP/Maps/UEDPIE_0_FirstPersonExampleMap.FirstPersonExampleMap up for play (max tick rate 0) at 2017.07.10-13.11.27
[2017.07.10-17.11.27:388][ 76]LogWorld: Bringing up level for play took: 0.001893
[2017.07.10-17.11.27:423][ 76]LogContentBrowser: Native class hierarchy updated for 'MovieSceneCapture' in 0.0004 seconds. Added 11 classes and 0 folders.
[2017.07.10-17.11.27:423][ 76]PIE: Info Play in editor start time for /Game/FirstPersonBP/Maps/UEDPIE_0_FirstPersonExampleMap -0.15
[2017.07.10-17.11.27:423][ 76]LogBlueprintUserMessages: Late PlayInEditor Detection: Level '/Game/FirstPersonBP/Maps/FirstPersonExampleMap.FirstPersonExampleMap:PersistentLevel' has LevelScriptBlueprint '/Game/FirstPersonBP/Maps/FirstPersonExampleMap.FirstPersonExampleMap:PersistentLevel.FirstPersonExampleMap' with GeneratedClass '/Game/FirstPersonBP/Maps/FirstPersonExampleMap.FirstPersonExampleMap_C' with ClassGeneratedBy '/Game/FirstPersonBP/Maps/FirstPersonExampleMap.FirstPersonExampleMap:PersistentLevel.FirstPersonExampleMap'
[2017.07.10-17.11.37:753][309]LogSpawn:Warning: SpawnActor failed because of collision at the spawn location [X=-1224.818 Y=-306.283 Z=283.760] for [FirstPersonProjectile_C]
[2017.07.10-17.11.41:628][774]LogBlueprintUserMessages: Early EndPlayMap Detection: Level '/Game/FirstPersonBP/Maps/FirstPersonExampleMap.FirstPersonExampleMap:PersistentLevel' has LevelScriptBlueprint '/Game/FirstPersonBP/Maps/FirstPersonExampleMap.FirstPersonExampleMap:PersistentLevel.FirstPersonExampleMap' with GeneratedClass '/Game/FirstPersonBP/Maps/FirstPersonExampleMap.FirstPersonExampleMap_C' with ClassGeneratedBy '/Game/FirstPersonBP/Maps/FirstPersonExampleMap.FirstPersonExampleMap:PersistentLevel.FirstPersonExampleMap'
[2017.07.10-17.11.41:659][774]LogBlueprintUserMessages: Late EndPlayMap Detection: Level '/Game/FirstPersonBP/Maps/FirstPersonExampleMap.FirstPersonExampleMap:PersistentLevel' has LevelScriptBlueprint '/Game/FirstPersonBP/Maps/FirstPersonExampleMap.FirstPersonExampleMap:PersistentLevel.FirstPersonExampleMap' with GeneratedClass '/Game/FirstPersonBP/Maps/FirstPersonExampleMap.FirstPersonExampleMap_C' with ClassGeneratedBy '/Game/FirstPersonBP/Maps/FirstPersonExampleMap.FirstPersonExampleMap:PersistentLevel.FirstPersonExampleMap'
[2017.07.10-17.11.47:820][508]LogActorFactory: Actor Factory created Sphere
[2017.07.10-17.11.49:626][723]LogActorFactory: Actor Factory created Sphere
[2017.07.10-17.12.08:196][927]Cmd: DELETE
[2017.07.10-17.12.08:196][927]Cmd: ACTOR DELETE
[2017.07.10-17.12.08:196][927]LogEditorActor: Deleted Actor: Actor
[2017.07.10-17.12.08:211][927]LogEditorActor: Deleted 1 Actors (0.015 secs)
[2017.07.10-17.12.12:650][458]LogActorFactory: Actor Factory created Cone
[2017.07.10-17.12.13:680][581]LogActorFactory: Actor Factory created Cone
[2017.07.10-17.12.31:068][655]LogEditorViewport: Clicking on Actor (LMB): StaticMeshActor (Sphere)
[2017.07.10-17.12.42:072][969]LogTemp: Repeting last play command: Selected Viewport
[2017.07.10-17.12.42:081][969]LogBlueprintUserMessages: Early PlayInEditor Detection: Level '/Game/FirstPersonBP/Maps/FirstPersonExampleMap.FirstPersonExampleMap:PersistentLevel' has LevelScriptBlueprint '/Game/FirstPersonBP/Maps/FirstPersonExampleMap.FirstPersonExampleMap:PersistentLevel.FirstPersonExampleMap' with GeneratedClass '/Game/FirstPersonBP/Maps/FirstPersonExampleMap.FirstPersonExampleMap_C' with ClassGeneratedBy '/Game/FirstPersonBP/Maps/FirstPersonExampleMap.FirstPersonExampleMap:PersistentLevel.FirstPersonExampleMap'
[2017.07.10-17.12.42:081][969]LogPlayLevel: PlayLevel: No blueprints needed recompiling
[2017.07.10-17.12.42:081][969]PIE: New page: PIE session: FirstPersonExampleMap (Jul 10, 2017, 9:12:42 AM)
[2017.07.10-17.12.42:081][969]LogPlayLevel: Creating play world package: /Game/FirstPersonBP/Maps/UEDPIE_0_FirstPersonExampleMap
[2017.07.10-17.12.42:098][969]LogPlayLevel: PIE: StaticDuplicateObject took: (0.016573s)
[2017.07.10-17.12.42:098][969]LogAIModule: Creating AISystem for world FirstPersonExampleMap
[2017.07.10-17.12.42:099][969]LogPlayLevel: PIE: World Init took: (0.000823s)
[2017.07.10-17.12.42:099][969]LogPlayLevel: PIE: Created PIE world by copying editor world from /Game/FirstPersonBP/Maps/FirstPersonExampleMap.FirstPersonExampleMap to /Game/FirstPersonBP/Maps/UEDPIE_0_FirstPersonExampleMap.FirstPersonExampleMap (0.017672s)
[2017.07.10-17.12.42:130][969]LogInit: XAudio2 using 'Alienware2310-C (NVIDIA High Definition Audio)' : 2 channels at 48 kHz using 16 bits per sample (channel mask 0x3)
[2017.07.10-17.12.42:134][969]LogInit: FAudioDevice initialized.
[2017.07.10-17.12.42:162][969]LogLoad: Game class is 'FirstPersonGameMode_C'
[2017.07.10-17.12.42:164][969]LogWorld: Bringing World /Game/FirstPersonBP/Maps/UEDPIE_0_FirstPersonExampleMap.FirstPersonExampleMap up for play (max tick rate 0) at 2017.07.10-13.12.42
[2017.07.10-17.12.42:164][969]LogWorld: Bringing up level for play took: 0.001975
[2017.07.10-17.12.42:165][969]PIE: Info Play in editor start time for /Game/FirstPersonBP/Maps/UEDPIE_0_FirstPersonExampleMap 0.593
[2017.07.10-17.12.42:165][969]LogBlueprintUserMessages: Late PlayInEditor Detection: Level '/Game/FirstPersonBP/Maps/FirstPersonExampleMap.FirstPersonExampleMap:PersistentLevel' has LevelScriptBlueprint '/Game/FirstPersonBP/Maps/FirstPersonExampleMap.FirstPersonExampleMap:PersistentLevel.FirstPersonExampleMap' with GeneratedClass '/Game/FirstPersonBP/Maps/FirstPersonExampleMap.FirstPersonExampleMap_C' with ClassGeneratedBy '/Game/FirstPersonBP/Maps/FirstPersonExampleMap.FirstPersonExampleMap:PersistentLevel.FirstPersonExampleMap'
[2017.07.10-17.13.14:794][882]LogBlueprintUserMessages: Early EndPlayMap Detection: Level '/Game/FirstPersonBP/Maps/FirstPersonExampleMap.FirstPersonExampleMap:PersistentLevel' has LevelScriptBlueprint '/Game/FirstPersonBP/Maps/FirstPersonExampleMap.FirstPersonExampleMap:PersistentLevel.FirstPersonExampleMap' with GeneratedClass '/Game/FirstPersonBP/Maps/FirstPersonExampleMap.FirstPersonExampleMap_C' with ClassGeneratedBy '/Game/FirstPersonBP/Maps/FirstPersonExampleMap.FirstPersonExampleMap:PersistentLevel.FirstPersonExampleMap'
[2017.07.10-17.13.14:841][882]LogBlueprintUserMessages: Late EndPlayMap Detection: Level '/Game/FirstPersonBP/Maps/FirstPersonExampleMap.FirstPersonExampleMap:PersistentLevel' has LevelScriptBlueprint '/Game/FirstPersonBP/Maps/FirstPersonExampleMap.FirstPersonExampleMap:PersistentLevel.FirstPersonExampleMap' with GeneratedClass '/Game/FirstPersonBP/Maps/FirstPersonExampleMap.FirstPersonExampleMap_C' with ClassGeneratedBy '/Game/FirstPersonBP/Maps/FirstPersonExampleMap.FirstPersonExampleMap:PersistentLevel.FirstPersonExampleMap'
[2017.07.10-17.13.16:421][ 67]LogEditorViewport: Clicking on Actor (LMB): StaticMeshActor (Cone)
[2017.07.10-17.13.40:013][880]LogEditorViewport: Clicking on Actor (LMB): StaticMeshActor (Sphere)
[2017.07.10-17.13.45:050][476]LogEditorViewport: Clicking on Actor (LMB): StaticMeshActor (EditorCube16)
[2017.07.10-17.13.49:687][ 25]LogEditorViewport: Clicking on Actor (LMB): StaticMeshActor (EditorCube17)
[2017.07.10-17.14.00:573][323]LogTemp: Repeting last play command: Selected Viewport
[2017.07.10-17.14.00:578][323]LogBlueprintUserMessages: Early PlayInEditor Detection: Level '/Game/FirstPersonBP/Maps/FirstPersonExampleMap.FirstPersonExampleMap:PersistentLevel' has LevelScriptBlueprint '/Game/FirstPersonBP/Maps/FirstPersonExampleMap.FirstPersonExampleMap:PersistentLevel.FirstPersonExampleMap' with GeneratedClass '/Game/FirstPersonBP/Maps/FirstPersonExampleMap.FirstPersonExampleMap_C' with ClassGeneratedBy '/Game/FirstPersonBP/Maps/FirstPersonExampleMap.FirstPersonExampleMap:PersistentLevel.FirstPersonExampleMap'
[2017.07.10-17.14.00:578][323]LogPlayLevel: PlayLevel: No blueprints needed recompiling
[2017.07.10-17.14.00:578][323]PIE: New page: PIE session: FirstPersonExampleMap (Jul 10, 2017, 9:14:00 AM)
[2017.07.10-17.14.00:578][323]LogPlayLevel: Creating play world package: /Game/FirstPersonBP/Maps/UEDPIE_0_FirstPersonExampleMap
[2017.07.10-17.14.00:596][323]LogPlayLevel: PIE: StaticDuplicateObject took: (0.017595s)
[2017.07.10-17.14.00:596][323]LogAIModule: Creating AISystem for world FirstPersonExampleMap
[2017.07.10-17.14.00:596][323]LogPlayLevel: PIE: World Init took: (0.000931s)
[2017.07.10-17.14.00:597][323]LogPlayLevel: PIE: Created PIE world by copying editor world from /Game/FirstPersonBP/Maps/FirstPersonExampleMap.FirstPersonExampleMap to /Game/FirstPersonBP/Maps/UEDPIE_0_FirstPersonExampleMap.FirstPersonExampleMap (0.018790s)
[2017.07.10-17.14.00:625][323]LogInit: XAudio2 using 'Alienware2310-C (NVIDIA High Definition Audio)' : 2 channels at 48 kHz using 16 bits per sample (channel mask 0x3)
[2017.07.10-17.14.00:629][323]LogInit: FAudioDevice initialized.
[2017.07.10-17.14.00:658][323]LogLoad: Game class is 'FirstPersonGameMode_C'
[2017.07.10-17.14.00:661][323]LogWorld: Bringing World /Game/FirstPersonBP/Maps/UEDPIE_0_FirstPersonExampleMap.FirstPersonExampleMap up for play (max tick rate 0) at 2017.07.10-13.14.00
[2017.07.10-17.14.00:661][323]LogWorld: Bringing up level for play took: 0.002210
[2017.07.10-17.14.00:662][323]PIE: Info Play in editor start time for /Game/FirstPersonBP/Maps/UEDPIE_0_FirstPersonExampleMap -0.908
[2017.07.10-17.14.00:662][323]LogBlueprintUserMessages: Late PlayInEditor Detection: Level '/Game/FirstPersonBP/Maps/FirstPersonExampleMap.FirstPersonExampleMap:PersistentLevel' has LevelScriptBlueprint '/Game/FirstPersonBP/Maps/FirstPersonExampleMap.FirstPersonExampleMap:PersistentLevel.FirstPersonExampleMap' with GeneratedClass '/Game/FirstPersonBP/Maps/FirstPersonExampleMap.FirstPersonExampleMap_C' with ClassGeneratedBy '/Game/FirstPersonBP/Maps/FirstPersonExampleMap.FirstPersonExampleMap:PersistentLevel.FirstPersonExampleMap'
[2017.07.10-17.14.11:181][583]LogActor:Warning: Sphere_2 is outside the world bounds!
[2017.07.10-17.14.13:006][802]LogActor:Warning: Cone_5 is outside the world bounds!
[2017.07.10-17.14.25:690][324]LogBlueprintUserMessages: Early EndPlayMap Detection: Level '/Game/FirstPersonBP/Maps/FirstPersonExampleMap.FirstPersonExampleMap:PersistentLevel' has LevelScriptBlueprint '/Game/FirstPersonBP/Maps/FirstPersonExampleMap.FirstPersonExampleMap:PersistentLevel.FirstPersonExampleMap' with GeneratedClass '/Game/FirstPersonBP/Maps/FirstPersonExampleMap.FirstPersonExampleMap_C' with ClassGeneratedBy '/Game/FirstPersonBP/Maps/FirstPersonExampleMap.FirstPersonExampleMap:PersistentLevel.FirstPersonExampleMap'
[2017.07.10-17.14.25:734][324]LogBlueprintUserMessages: Late EndPlayMap Detection: Level '/Game/FirstPersonBP/Maps/FirstPersonExampleMap.FirstPersonExampleMap:PersistentLevel' has LevelScriptBlueprint '/Game/FirstPersonBP/Maps/FirstPersonExampleMap.FirstPersonExampleMap:PersistentLevel.FirstPersonExampleMap' with GeneratedClass '/Game/FirstPersonBP/Maps/FirstPersonExampleMap.FirstPersonExampleMap_C' with ClassGeneratedBy '/Game/FirstPersonBP/Maps/FirstPersonExampleMap.FirstPersonExampleMap:PersistentLevel.FirstPersonExampleMap'
[2017.07.10-17.14.31:573][ 18]LogEditorViewport: Clicking on Actor (LMB): StaticMeshActor (Cone)
[2017.07.10-17.14.57:643][125]LogTemp: Repeting last play command: Selected Viewport
[2017.07.10-17.14.57:647][125]LogBlueprintUserMessages: Early PlayInEditor Detection: Level '/Game/FirstPersonBP/Maps/FirstPersonExampleMap.FirstPersonExampleMap:PersistentLevel' has LevelScriptBlueprint '/Game/FirstPersonBP/Maps/FirstPersonExampleMap.FirstPersonExampleMap:PersistentLevel.FirstPersonExampleMap' with GeneratedClass '/Game/FirstPersonBP/Maps/FirstPersonExampleMap.FirstPersonExampleMap_C' with ClassGeneratedBy '/Game/FirstPersonBP/Maps/FirstPersonExampleMap.FirstPersonExampleMap:PersistentLevel.FirstPersonExampleMap'
[2017.07.10-17.14.57:647][125]LogPlayLevel: PlayLevel: No blueprints needed recompiling
[2017.07.10-17.14.57:647][125]PIE: New page: PIE session: FirstPersonExampleMap (Jul 10, 2017, 9:14:57 AM)
[2017.07.10-17.14.57:647][125]LogPlayLevel: Creating play world package: /Game/FirstPersonBP/Maps/UEDPIE_0_FirstPersonExampleMap
[2017.07.10-17.14.57:662][125]LogPlayLevel: PIE: StaticDuplicateObject took: (0.015146s)
[2017.07.10-17.14.57:663][125]LogAIModule: Creating AISystem for world FirstPersonExampleMap
[2017.07.10-17.14.57:664][125]LogPlayLevel: PIE: World Init took: (0.001043s)
[2017.07.10-17.14.57:664][125]LogPlayLevel: PIE: Created PIE world by copying editor world from /Game/FirstPersonBP/Maps/FirstPersonExampleMap.FirstPersonExampleMap to /Game/FirstPersonBP/Maps/UEDPIE_0_FirstPersonExampleMap.FirstPersonExampleMap (0.016522s)
[2017.07.10-17.14.57:692][125]LogInit: XAudio2 using 'Alienware2310-C (NVIDIA High Definition Audio)' : 2 channels at 48 kHz using 16 bits per sample (channel mask 0x3)
[2017.07.10-17.14.57:696][125]LogInit: FAudioDevice initialized.
[2017.07.10-17.14.57:724][125]LogLoad: Game class is 'FirstPersonGameMode_C'
[2017.07.10-17.14.57:726][125]LogWorld: Bringing World /Game/FirstPersonBP/Maps/UEDPIE_0_FirstPersonExampleMap.FirstPersonExampleMap up for play (max tick rate 0) at 2017.07.10-13.14.57
[2017.07.10-17.14.57:727][125]LogWorld: Bringing up level for play took: 0.002022
[2017.07.10-17.14.57:729][125]PIE: Info Play in editor start time for /Game/FirstPersonBP/Maps/UEDPIE_0_FirstPersonExampleMap 0.159
[2017.07.10-17.14.57:729][125]LogBlueprintUserMessages: Late PlayInEditor Detection: Level '/Game/FirstPersonBP/Maps/FirstPersonExampleMap.FirstPersonExampleMap:PersistentLevel' has LevelScriptBlueprint '/Game/FirstPersonBP/Maps/FirstPersonExampleMap.FirstPersonExampleMap:PersistentLevel.FirstPersonExampleMap' with GeneratedClass '/Game/FirstPersonBP/Maps/FirstPersonExampleMap.FirstPersonExampleMap_C' with ClassGeneratedBy '/Game/FirstPersonBP/Maps/FirstPersonExampleMap.FirstPersonExampleMap:PersistentLevel.FirstPersonExampleMap'
[2017.07.10-17.15.06:506][176]LogBlueprintUserMessages: Early EndPlayMap Detection: Level '/Game/FirstPersonBP/Maps/FirstPersonExampleMap.FirstPersonExampleMap:PersistentLevel' has LevelScriptBlueprint '/Game/FirstPersonBP/Maps/FirstPersonExampleMap.FirstPersonExampleMap:PersistentLevel.FirstPersonExampleMap' with GeneratedClass '/Game/FirstPersonBP/Maps/FirstPersonExampleMap.FirstPersonExampleMap_C' with ClassGeneratedBy '/Game/FirstPersonBP/Maps/FirstPersonExampleMap.FirstPersonExampleMap:PersistentLevel.FirstPersonExampleMap'
[2017.07.10-17.15.06:549][176]LogBlueprintUserMessages: Late EndPlayMap Detection: Level '/Game/FirstPersonBP/Maps/FirstPersonExampleMap.FirstPersonExampleMap:PersistentLevel' has LevelScriptBlueprint '/Game/FirstPersonBP/Maps/FirstPersonExampleMap.FirstPersonExampleMap:PersistentLevel.FirstPersonExampleMap' with GeneratedClass '/Game/FirstPersonBP/Maps/FirstPersonExampleMap.FirstPersonExampleMap_C' with ClassGeneratedBy '/Game/FirstPersonBP/Maps/FirstPersonExampleMap.FirstPersonExampleMap:PersistentLevel.FirstPersonExampleMap'
[2017.07.10-17.15.19:677][741]LogEditorViewport: Clicking on Actor (LMB): StaticMeshActor (Cone)
[2017.07.10-17.15.25:627][452]LogTemp: Repeting last play command: Selected Viewport
[2017.07.10-17.15.25:631][452]LogBlueprintUserMessages: Early PlayInEditor Detection: Level '/Game/FirstPersonBP/Maps/FirstPersonExampleMap.FirstPersonExampleMap:PersistentLevel' has LevelScriptBlueprint '/Game/FirstPersonBP/Maps/FirstPersonExampleMap.FirstPersonExampleMap:PersistentLevel.FirstPersonExampleMap' with GeneratedClass '/Game/FirstPersonBP/Maps/FirstPersonExampleMap.FirstPersonExampleMap_C' with ClassGeneratedBy '/Game/FirstPersonBP/Maps/FirstPersonExampleMap.FirstPersonExampleMap:PersistentLevel.FirstPersonExampleMap'
[2017.07.10-17.15.25:631][452]LogPlayLevel: PlayLevel: No blueprints needed recompiling
[2017.07.10-17.15.25:631][452]PIE: New page: PIE session: FirstPersonExampleMap (Jul 10, 2017, 9:15:25 AM)
[2017.07.10-17.15.25:631][452]LogPlayLevel: Creating play world package: /Game/FirstPersonBP/Maps/UEDPIE_0_FirstPersonExampleMap
[2017.07.10-17.15.25:644][452]LogPlayLevel: PIE: StaticDuplicateObject took: (0.013408s)
[2017.07.10-17.15.25:645][452]LogAIModule: Creating AISystem for world FirstPersonExampleMap
[2017.07.10-17.15.25:645][452]LogPlayLevel: PIE: World Init took: (0.000853s)
[2017.07.10-17.15.25:646][452]LogPlayLevel: PIE: Created PIE world by copying editor world from /Game/FirstPersonBP/Maps/FirstPersonExampleMap.FirstPersonExampleMap to /Game/FirstPersonBP/Maps/UEDPIE_0_FirstPersonExampleMap.FirstPersonExampleMap (0.014562s)
[2017.07.10-17.15.25:672][452]LogInit: XAudio2 using 'Alienware2310-C (NVIDIA High Definition Audio)' : 2 channels at 48 kHz using 16 bits per sample (channel mask 0x3)
[2017.07.10-17.15.25:676][452]LogInit: FAudioDevice initialized.
[2017.07.10-17.15.25:703][452]LogLoad: Game class is 'FirstPersonGameMode_C'
[2017.07.10-17.15.25:705][452]LogWorld: Bringing World /Game/FirstPersonBP/Maps/UEDPIE_0_FirstPersonExampleMap.FirstPersonExampleMap up for play (max tick rate 0) at 2017.07.10-13.15.25
[2017.07.10-17.15.25:705][452]LogWorld: Bringing up level for play took: 0.001965
[2017.07.10-17.15.25:706][452]LogGameMode: Warning - PATHS NOT DEFINED or NO PLAYERSTART with positive rating
[2017.07.10-17.15.25:706][452]PIE: Info Play in editor start time for /Game/FirstPersonBP/Maps/UEDPIE_0_FirstPersonExampleMap 0.137
[2017.07.10-17.15.25:706][452]LogBlueprintUserMessages: Late PlayInEditor Detection: Level '/Game/FirstPersonBP/Maps/FirstPersonExampleMap.FirstPersonExampleMap:PersistentLevel' has LevelScriptBlueprint '/Game/FirstPersonBP/Maps/FirstPersonExampleMap.FirstPersonExampleMap:PersistentLevel.FirstPersonExampleMap' with GeneratedClass '/Game/FirstPersonBP/Maps/FirstPersonExampleMap.FirstPersonExampleMap_C' with ClassGeneratedBy '/Game/FirstPersonBP/Maps/FirstPersonExampleMap.FirstPersonExampleMap:PersistentLevel.FirstPersonExampleMap'
[2017.07.10-17.15.32:317][243]LogActor:Warning: Cone_5 is outside the world bounds!
[2017.07.10-17.15.46:184][907]LogActor:Warning: EditorCube17_11 is outside the world bounds!
[2017.07.10-17.15.54:276][878]LogActor:Warning: Sphere_2 is outside the world bounds!
[2017.07.10-17.15.58:575][378]LogSavePackage: Save=105.41ms
[2017.07.10-17.15.58:575][378]LogSavePackage: Moving 'D:/KOC/New folder/firstPerson/Saved/FirstPersonExampleMap501F837D46B445EA9D4B26A7D15DAF3A.tmp' to 'D:/KOC/New folder/firstPerson/Content/FirstPersonBP/Maps/FirstPersonExampleMap.umap'
[2017.07.10-17.15.58:579][378]LogSavePackage:Display: Finished SavePackage D:/KOC/New folder/firstPerson/Content/FirstPersonBP/Maps/FirstPersonExampleMap.umap
[2017.07.10-17.15.58:591][378]Cmd: OBJ SAVEPACKAGE PACKAGE="/Game/FirstPersonBP/Maps/FirstPersonExampleMap_BuiltData" FILE="D:/KOC/New folder/firstPerson/Content/FirstPersonBP/Maps/FirstPersonExampleMap_BuiltData.uasset" SILENT=true
[2017.07.10-17.16.00:978][378]LogSavePackage: Save=2376.97ms
[2017.07.10-17.16.00:978][378]LogSavePackage: Moving 'D:/KOC/New folder/firstPerson/Saved/FirstPersonExampleMap_BuiltDataE61A7F534989C264337DD5B7856BC591.tmp' to 'D:/KOC/New folder/firstPerson/Content/FirstPersonBP/Maps/FirstPersonExampleMap_BuiltData.uasset'
[2017.07.10-17.16.00:981][378]LogSavePackage:Display: Finished SavePackage D:/KOC/New folder/firstPerson/Content/FirstPersonBP/Maps/FirstPersonExampleMap_BuiltData.uasset
[2017.07.10-17.16.03:254][646]Cmd: CLOSE_SLATE_MAINFRAME
[2017.07.10-17.16.03:303][646]LogWindowsTextInputMethodSystem:Display: IME system now deactivated.
[2017.07.10-17.16.03:349][646]LogBlueprintUserMessages: Early EndPlayMap Detection: Level '/Game/FirstPersonBP/Maps/FirstPersonExampleMap.FirstPersonExampleMap:PersistentLevel' has LevelScriptBlueprint '/Game/FirstPersonBP/Maps/FirstPersonExampleMap.FirstPersonExampleMap:PersistentLevel.FirstPersonExampleMap' with GeneratedClass '/Game/FirstPersonBP/Maps/FirstPersonExampleMap.FirstPersonExampleMap_C' with ClassGeneratedBy '/Game/FirstPersonBP/Maps/FirstPersonExampleMap.FirstPersonExampleMap:PersistentLevel.FirstPersonExampleMap'
[2017.07.10-17.16.03:378][646]LogBlueprintUserMessages: Late EndPlayMap Detection: Level '/Game/FirstPersonBP/Maps/FirstPersonExampleMap.FirstPersonExampleMap:PersistentLevel' has LevelScriptBlueprint '/Game/FirstPersonBP/Maps/FirstPersonExampleMap.FirstPersonExampleMap:PersistentLevel.FirstPersonExampleMap' with GeneratedClass '/Game/FirstPersonBP/Maps/FirstPersonExampleMap.FirstPersonExampleMap_C' with ClassGeneratedBy '/Game/FirstPersonBP/Maps/FirstPersonExampleMap.FirstPersonExampleMap:PersistentLevel.FirstPersonExampleMap'
[2017.07.10-17.16.03:583][647]Cmd: QUIT_EDITOR
[2017.07.10-17.16.04:335][647]LogExit: Preparing to exit.
[2017.07.10-17.16.05:446][647]LogExit: Editor shut down
[2017.07.10-17.16.05:446][647]LogExit: Transaction tracking system shut down
[2017.07.10-17.16.05:506][647]LogObj: Freed 0b from 0 cluster array pools.
[2017.07.10-17.16.05:506][647]LogExit: Object subsystem successfully closed.
[2017.07.10-17.16.05:523][647]LogD3D11RHI: Shutdown
[2017.07.10-17.16.05:523][647]LogD3D11RHI: CleanupD3DDevice
[2017.07.10-17.16.05:594][647]LogD3D11RHI: ~FD3D11DynamicRHI
[2017.07.10-17.16.05:607][647]LogHttp:Display: Http module shutting down, but needs to wait on 1 outstanding Http requests:
[2017.07.10-17.16.05:607][647]LogHttp:Display: 	verb=[POST] url=[https://datarouter.ol.epicgames.com/datarouter/api/v1/public/data?SessionID=%7B6FDF82BA-46A4-9FA3-21A0-07B106883317%7D&AppID=UEEditor.Rocket.Release&AppVersion=4.14.3-3249277%2B%2B%2BUE4%2BRelease-4.14&UserID=822a24ed4865cb29cef75ea46c8807bb%7C7c6cb74681824b3d953c92efede68185%7Ca59d3b82-35a8-4791-a9a2-916a193a2c3c&AppEnvironment=datacollector-binary&UploadType=eteventstream] status=Processing
[2017.07.10-17.16.05:633][647]LogModuleManager: Shutting down and abandoning module MovieSceneCapture (242)
[2017.07.10-17.16.05:633][647]LogModuleManager: Shutting down and abandoning module HierarchicalLODOutliner (241)
[2017.07.10-17.16.05:633][647]LogModuleManager: Shutting down and abandoning module CrashTracker (240)
[2017.07.10-17.16.05:633][647]LogModuleManager: Shutting down and abandoning module SceneOutliner (239)
[2017.07.10-17.16.05:633][647]LogModuleManager: Shutting down and abandoning module WidgetCarousel (238)
[2017.07.10-17.16.05:633][647]LogModuleManager: Shutting down and abandoning module AddContentDialog (237)
[2017.07.10-17.16.05:634][647]LogDirectoryWatcher: A directory notification for 'C:/Program Files (x86)/Epic Games/4.14/FeaturePacks/' was aborted.
[2017.07.10-17.16.05:634][647]LogModuleManager: Shutting down and abandoning module GameplayTags (236)
[2017.07.10-17.16.05:634][647]LogModuleManager: Shutting down and abandoning module EditorWidgets (235)
[2017.07.10-17.16.05:634][647]LogModuleManager: Shutting down and abandoning module CollectionManager (234)
[2017.07.10-17.16.05:634][647]LogDirectoryWatcher: A directory notification for 'D:/KOC/New folder/firstPerson/Content/Collections/' was aborted.
[2017.07.10-17.16.05:634][647]LogDirectoryWatcher: A directory notification for 'D:/KOC/New folder/firstPerson/Content/Developers/IGMAdmin/Collections/' was aborted.
[2017.07.10-17.16.05:634][647]LogDirectoryWatcher: A directory notification for 'D:/KOC/New folder/firstPerson/Saved/Collections/' was aborted.
[2017.07.10-17.16.05:634][647]LogModuleManager: Shutting down and abandoning module StatsViewer (233)
[2017.07.10-17.16.05:634][647]LogModuleManager: Shutting down and abandoning module FoliageEdit (232)
[2017.07.10-17.16.05:634][647]LogModuleManager: Shutting down and abandoning module LandscapeEditor (231)
[2017.07.10-17.16.05:634][647]LogModuleManager: Shutting down and abandoning module SceneDepthPickerMode (230)
[2017.07.10-17.16.05:634][647]LogModuleManager: Shutting down and abandoning module ActorPickerMode (229)
[2017.07.10-17.16.05:634][647]LogModuleManager: Shutting down and abandoning module GeometryMode (228)
[2017.07.10-17.16.05:634][647]LogModuleManager: Shutting down and abandoning module TextureAlignMode (227)
[2017.07.10-17.16.05:634][647]LogModuleManager: Shutting down and abandoning module BspMode (226)
[2017.07.10-17.16.05:634][647]LogModuleManager: Shutting down and abandoning module HardwareSurvey (225)
[2017.07.10-17.16.05:634][647]LogModuleManager: Shutting down and abandoning module SequenceRecorderSections (224)
[2017.07.10-17.16.05:634][647]LogModuleManager: Shutting down and abandoning module AutomationWorker (223)
[2017.07.10-17.16.05:634][647]LogModuleManager: Shutting down and abandoning module MatineeToLevelSequence (222)
[2017.07.10-17.16.05:635][647]LogModuleManager: Shutting down and abandoning module PlacementMode (221)
[2017.07.10-17.16.05:635][647]LogModuleManager: Shutting down and abandoning module LevelSequenceEditor (220)
[2017.07.10-17.16.05:635][647]LogModuleManager: Shutting down and abandoning module WmfMediaFactory (219)
[2017.07.10-17.16.05:635][647]LogModuleManager: Shutting down and abandoning module WmfMediaEditor (218)
[2017.07.10-17.16.05:635][647]LogModuleManager: Shutting down and abandoning module AvfMediaFactory (217)
[2017.07.10-17.16.05:635][647]LogModuleManager: Shutting down and abandoning module AvfMediaEditor (216)
[2017.07.10-17.16.05:635][647]LogModuleManager: Shutting down and abandoning module Media (215)
[2017.07.10-17.16.05:635][647]LogModuleManager: Shutting down and abandoning module AndroidMediaFactory (214)
[2017.07.10-17.16.05:635][647]LogModuleManager: Shutting down and abandoning module AndroidMediaEditor (213)
[2017.07.10-17.16.05:635][647]LogModuleManager: Shutting down and abandoning module CharacterAI (212)
[2017.07.10-17.16.05:635][647]LogModuleManager: Shutting down and abandoning module SequenceRecorder (211)
[2017.07.10-17.16.05:635][647]LogModuleManager: Shutting down and abandoning module AudioCapture (210)
[2017.07.10-17.16.05:635][647]LogModuleManager: Shutting down and abandoning module SmartSnapping (209)
[2017.07.10-17.16.05:635][647]LogModuleManager: Shutting down and abandoning module SessionServices (208)
[2017.07.10-17.16.05:635][647]LogModuleManager: Shutting down and abandoning module ViewportSnapping (207)
[2017.07.10-17.16.05:635][647]LogModuleManager: Shutting down and abandoning module ViewportInteraction (206)
[2017.07.10-17.16.05:635][647]LogModuleManager: Shutting down and abandoning module LogVisualizer (205)
[2017.07.10-17.16.05:635][647]LogModuleManager: Shutting down and abandoning module GameProjectGeneration (204)
[2017.07.10-17.16.05:635][647]LogModuleManager: Shutting down and abandoning module IntroTutorials (203)
[2017.07.10-17.16.05:635][647]LogModuleManager: Shutting down and abandoning module EditorLiveStreaming (202)
[2017.07.10-17.16.05:635][647]LogModuleManager: Shutting down and abandoning module IOSPlatformEditor (201)
[2017.07.10-17.16.05:635][647]LogModuleManager: Shutting down and abandoning module HTML5PlatformEditor (200)
[2017.07.10-17.16.05:635][647]LogModuleManager: Shutting down and abandoning module AndroidDeviceDetection (199)
[2017.07.10-17.16.06:229][647]LogModuleManager: Shutting down and abandoning module AndroidPlatformEditor (198)
[2017.07.10-17.16.06:229][647]LogModuleManager: Shutting down and abandoning module IOSRuntimeSettings (197)
[2017.07.10-17.16.06:229][647]LogModuleManager: Shutting down and abandoning module AndroidRuntimeSettings (196)
[2017.07.10-17.16.06:229][647]LogModuleManager: Shutting down and abandoning module InputBindingEditor (195)
[2017.07.10-17.16.06:229][647]LogModuleManager: Shutting down and abandoning module NiagaraEditor (194)
[2017.07.10-17.16.06:229][647]LogModuleManager: Shutting down and abandoning module MergeActors (193)
[2017.07.10-17.16.06:229][647]LogModuleManager: Shutting down and abandoning module SizeMap (192)
[2017.07.10-17.16.06:229][647]LogModuleManager: Shutting down and abandoning module TreeMap (191)
[2017.07.10-17.16.06:229][647]LogModuleManager: Shutting down and abandoning module ReferenceViewer (190)
[2017.07.10-17.16.06:229][647]LogModuleManager: Shutting down and abandoning module LocalizationService (189)
[2017.07.10-17.16.06:229][647]LogModuleManager: Shutting down and abandoning module LocalizationDashboard (188)
[2017.07.10-17.16.06:229][647]LogModuleManager: Shutting down and abandoning module HardwareTargeting (187)
[2017.07.10-17.16.06:229][647]LogModuleManager: Shutting down and abandoning module DeviceProfileEditor (186)
[2017.07.10-17.16.06:229][647]LogModuleManager: Shutting down and abandoning module UndoHistory (185)
[2017.07.10-17.16.06:229][647]LogModuleManager: Shutting down and abandoning module UserFeedback (184)
[2017.07.10-17.16.06:229][647]LogModuleManager: Shutting down and abandoning module XmlParser (183)
[2017.07.10-17.16.06:229][647]LogModuleManager: Shutting down and abandoning module Blutility (182)
[2017.07.10-17.16.06:229][647]LogModuleManager: Shutting down and abandoning module ProjectTargetPlatformEditor (181)
[2017.07.10-17.16.06:229][647]LogModuleManager: Shutting down and abandoning module ProjectSettingsViewer (180)
[2017.07.10-17.16.06:229][647]LogModuleManager: Shutting down and abandoning module EditorSettingsViewer (179)
[2017.07.10-17.16.06:229][647]LogModuleManager: Shutting down and abandoning module SettingsEditor (178)
[2017.07.10-17.16.06:229][647]LogModuleManager: Shutting down and abandoning module ProjectLauncher (177)
[2017.07.10-17.16.06:229][647]LogModuleManager: Shutting down and abandoning module SessionFrontend (176)
[2017.07.10-17.16.06:229][647]LogModuleManager: Shutting down and abandoning module ProfilerClient (175)
[2017.07.10-17.16.06:230][647]LogModuleManager: Shutting down and abandoning module TargetDeviceServices (174)
[2017.07.10-17.16.06:230][647]LogModuleManager: Shutting down and abandoning module DeviceManager (173)
[2017.07.10-17.16.06:283][647]LogModuleManager: Shutting down and abandoning module AutomationController (172)
[2017.07.10-17.16.06:283][647]LogModuleManager: Shutting down and abandoning module AutomationWindow (171)
[2017.07.10-17.16.06:283][647]LogModuleManager: Shutting down and abandoning module Layers (170)
[2017.07.10-17.16.06:283][647]LogModuleManager: Shutting down and abandoning module ComponentVisualizers (169)
[2017.07.10-17.16.06:283][647]LogModuleManager: Shutting down and abandoning module DetailCustomizations (168)
[2017.07.10-17.16.06:283][647]LogModuleManager: Shutting down and abandoning module PackagesDialog (167)
[2017.07.10-17.16.06:283][647]LogModuleManager: Shutting down and abandoning module AnimGraph (166)
[2017.07.10-17.16.06:283][647]LogModuleManager: Shutting down and abandoning module Persona (165)
[2017.07.10-17.16.06:283][647]LogModuleManager: Shutting down and abandoning module Kismet (164)
[2017.07.10-17.16.06:283][647]LogModuleManager: Shutting down and abandoning module GraphEditor (163)
[2017.07.10-17.16.06:283][647]LogModuleManager: Shutting down and abandoning module ClassViewer (162)
[2017.07.10-17.16.06:283][647]LogModuleManager: Shutting down and abandoning module Toolbox (161)
[2017.07.10-17.16.06:283][647]LogModuleManager: Shutting down and abandoning module ModuleUI (160)
[2017.07.10-17.16.06:283][647]LogModuleManager: Shutting down and abandoning module MovieSceneTools (159)
[2017.07.10-17.16.06:283][647]LogModuleManager: Shutting down and abandoning module OutputLog (158)
[2017.07.10-17.16.06:283][647]LogModuleManager: Shutting down and abandoning module GammaUI (157)
[2017.07.10-17.16.06:283][647]LogModuleManager: Shutting down and abandoning module Documentation (156)
[2017.07.10-17.16.06:283][647]LogModuleManager: Shutting down and abandoning module Niagara (155)
[2017.07.10-17.16.06:283][647]LogModuleManager: Shutting down and abandoning module StreamingPauseRendering (154)
[2017.07.10-17.16.06:283][647]LogModuleManager: Shutting down and abandoning module AnalyticsET (153)
[2017.07.10-17.16.06:283][647]LogModuleManager: Shutting down and abandoning module PortalServices (152)
[2017.07.10-17.16.06:283][647]LogModuleManager: Shutting down and abandoning module PortalRpc (151)
[2017.07.10-17.16.06:283][647]LogModuleManager: Shutting down and abandoning module MessagingRpc (150)
[2017.07.10-17.16.06:283][647]LogModuleManager: Shutting down and abandoning module GameplayDebugger (149)
[2017.07.10-17.16.06:284][647]LogModuleManager: Shutting down and abandoning module AITestSuite (148)
[2017.07.10-17.16.06:284][647]LogModuleManager: Shutting down and abandoning module AIModule (147)
[2017.07.10-17.16.06:284][647]LogModuleManager: Shutting down and abandoning module ProfilerService (146)
[2017.07.10-17.16.06:522][647]LogModuleManager: Shutting down and abandoning module TaskGraph (145)
[2017.07.10-17.16.06:522][647]LogModuleManager: Shutting down and abandoning module SlateRemote (144)
[2017.07.10-17.16.06:522][647]LogModuleManager: Shutting down and abandoning module SteamVRController (143)
[2017.07.10-17.16.06:522][647]LogModuleManager: Shutting down and abandoning module SteamVR (142)
[2017.07.10-17.16.06:522][647]LogModuleManager: Shutting down and abandoning module ProceduralMeshComponentEditor (141)
[2017.07.10-17.16.06:522][647]LogModuleManager: Shutting down and abandoning module ProceduralMeshComponent (140)
[2017.07.10-17.16.06:522][647]LogModuleManager: Shutting down and abandoning module OculusLibrary (139)
[2017.07.10-17.16.06:522][647]LogModuleManager: Shutting down and abandoning module OculusInput (138)
[2017.07.10-17.16.06:522][647]LogModuleManager: Shutting down and abandoning module MobilePatchingUtils (137)
[2017.07.10-17.16.06:522][647]LogModuleManager: Shutting down and abandoning module CustomMeshComponent (136)
[2017.07.10-17.16.06:522][647]LogModuleManager: Shutting down and abandoning module CableComponent (135)
[2017.07.10-17.16.06:522][647]LogModuleManager: Shutting down and abandoning module ArchVisCharacter (134)
[2017.07.10-17.16.06:522][647]LogModuleManager: Shutting down and abandoning module MediaPlayerEditor (132)
[2017.07.10-17.16.06:522][647]LogModuleManager: Shutting down and abandoning module HTML5Networking (131)
[2017.07.10-17.16.06:522][647]LogModuleManager: Shutting down and abandoning module GeometryCacheEd (130)
[2017.07.10-17.16.06:522][647]LogModuleManager: Shutting down and abandoning module GeometryCache (129)
[2017.07.10-17.16.06:522][647]LogModuleManager: Shutting down and abandoning module AlembicLibrary (128)
[2017.07.10-17.16.06:522][647]LogModuleManager: Shutting down and abandoning module AlembicImporter (127)
[2017.07.10-17.16.06:522][647]LogModuleManager: Shutting down and abandoning module SuperSearch (126)
[2017.07.10-17.16.06:522][647]LogModuleManager: Shutting down and abandoning module SuperSearchEditor (125)
[2017.07.10-17.16.06:522][647]LogModuleManager: Shutting down and abandoning module SpeedTreeImporter (124)
[2017.07.10-17.16.06:522][647]LogModuleManager: Shutting down and abandoning module PluginBrowser (123)
[2017.07.10-17.16.06:522][647]LogModuleManager: Shutting down and abandoning module MobileLauncherProfileWizard (122)
[2017.07.10-17.16.06:522][647]LogModuleManager: Shutting down and abandoning module EpicSurvey (121)
[2017.07.10-17.16.06:522][647]LogModuleManager: Shutting down and abandoning module DesktopPlatform (120)
[2017.07.10-17.16.06:522][647]LogModuleManager: Shutting down and abandoning module VisualStudioSourceCodeAccess (119)
[2017.07.10-17.16.06:522][647]LogModuleManager: Shutting down and abandoning module UObjectPlugin (118)
[2017.07.10-17.16.06:522][647]LogModuleManager: Shutting down and abandoning module SubversionSourceControl (117)
[2017.07.10-17.16.06:522][647]LogModuleManager: Shutting down and abandoning module PerforceSourceControl (116)
[2017.07.10-17.16.06:522][647]LogModuleManager: Shutting down and abandoning module SourceControl (115)
[2017.07.10-17.16.06:522][647]LogModuleManager: Shutting down and abandoning module GitSourceControl (114)
[2017.07.10-17.16.06:522][647]LogModuleManager: Shutting down and abandoning module LightPropagationVolumeEditor (113)
[2017.07.10-17.16.06:522][647]LogModuleManager: Shutting down and abandoning module PaperTiledImporter (112)
[2017.07.10-17.16.06:522][647]LogModuleManager: Shutting down and abandoning module PaperSpriteSheetImporter (111)
[2017.07.10-17.16.06:522][647]LogModuleManager: Shutting down and abandoning module MeshPaint (110)
[2017.07.10-17.16.06:522][647]LogModuleManager: Shutting down and abandoning module PixelInspectorModule (109)
[2017.07.10-17.16.06:522][647]LogModuleManager: Shutting down and abandoning module HotReload (108)
[2017.07.10-17.16.06:523][647]LogModuleManager: Shutting down and abandoning module MainFrame (107)
[2017.07.10-17.16.06:523][647]LogModuleManager: Shutting down and abandoning module LevelEditor (106)
[2017.07.10-17.16.06:523][647]LogModuleManager: Shutting down and abandoning module ContentBrowser (105)
[2017.07.10-17.16.06:524][647]LogModuleManager: Shutting down and abandoning module Paper2DEditor (104)
[2017.07.10-17.16.06:524][647]LogModuleManager: Shutting down and abandoning module UdpMessaging (103)
[2017.07.10-17.16.06:625][647]LogModuleManager: Shutting down and abandoning module TcpMessaging (102)
[2017.07.10-17.16.06:726][647]LogModuleManager: Shutting down and abandoning module LightPropagationVolumeRuntime (101)
[2017.07.10-17.16.06:726][647]LogModuleManager: Shutting down and abandoning module Paper2D (100)
[2017.07.10-17.16.06:726][647]LogModuleManager: Shutting down and abandoning module WindowsMoviePlayer (99)
[2017.07.10-17.16.06:726][647]LogModuleManager: Shutting down and abandoning module WmfMedia (98)
[2017.07.10-17.16.06:726][647]LogModuleManager: Shutting down and abandoning module MediaAssets (97)
[2017.07.10-17.16.06:726][647]LogModuleManager: Shutting down and abandoning module GameLiveStreaming (96)
[2017.07.10-17.16.06:726][647]LogModuleManager: Shutting down and abandoning module GameplayTagsEditor (95)
[2017.07.10-17.16.06:726][647]LogModuleManager: Shutting down and abandoning module VREditor (94)
[2017.07.10-17.16.06:726][647]LogModuleManager: Shutting down and abandoning module GameplayTasksEditor (93)
[2017.07.10-17.16.06:726][647]LogModuleManager: Shutting down and abandoning module BehaviorTreeEditor (92)
[2017.07.10-17.16.06:726][647]LogModuleManager: Shutting down and abandoning module FunctionalTesting (91)
[2017.07.10-17.16.06:726][647]LogModuleManager: Shutting down and abandoning module CollisionAnalyzer (90)
[2017.07.10-17.16.06:726][647]LogModuleManager: Shutting down and abandoning module Sequencer (89)
[2017.07.10-17.16.06:726][647]LogModuleManager: Shutting down and abandoning module WorkspaceMenuStructure (88)
[2017.07.10-17.16.06:726][647]LogModuleManager: Shutting down and abandoning module MessageLog (87)
[2017.07.10-17.16.06:726][647]LogModuleManager: Shutting down and abandoning module AssetTools (86)
[2017.07.10-17.16.06:726][647]LogModuleManager: Shutting down and abandoning module UMGEditor (85)
[2017.07.10-17.16.06:726][647]LogModuleManager: Shutting down and abandoning module UMG (84)
[2017.07.10-17.16.06:726][647]LogModuleManager: Shutting down and abandoning module SlateReflector (83)
[2017.07.10-17.16.06:726][647]LogModuleManager: Shutting down and abandoning module Slate (82)
[2017.07.10-17.16.06:726][647]LogModuleManager: Shutting down and abandoning module EditorStyle (81)
[2017.07.10-17.16.06:728][647]LogModuleManager: Shutting down and abandoning module SourceCodeAccess (80)
[2017.07.10-17.16.06:728][647]LogModuleManager: Shutting down and abandoning module HeadMountedDisplay (79)
[2017.07.10-17.16.06:728][647]LogModuleManager: Shutting down and abandoning module XAudio2 (78)
[2017.07.10-17.16.06:728][647]LogModuleManager: Shutting down and abandoning module Networking (76)
[2017.07.10-17.16.06:728][647]LogModuleManager: Shutting down and abandoning module Core (75)
[2017.07.10-17.16.06:728][647]LogModuleManager: Shutting down and abandoning module DirectoryWatcher (74)
[2017.07.10-17.16.06:728][647]LogDirectoryWatcher: A directory notification for '../../../Engine/Content/' was aborted.
[2017.07.10-17.16.06:728][647]LogDirectoryWatcher: A directory notification for 'D:/KOC/New folder/firstPerson/Content/' was aborted.
[2017.07.10-17.16.06:728][647]LogDirectoryWatcher: A directory notification for '../../../Engine/Plugins/2D/Paper2D/Content/' was aborted.
[2017.07.10-17.16.06:729][647]LogModuleManager: Shutting down and abandoning module AssetRegistry (73)
[2017.07.10-17.16.06:854][647]LogModuleManager: Shutting down and abandoning module KismetCompiler (72)
[2017.07.10-17.16.06:854][647]LogModuleManager: Shutting down and abandoning module PhysXFormats (71)
[2017.07.10-17.16.06:854][647]LogModuleManager: Shutting down and abandoning module SimplygonSwarm (70)
[2017.07.10-17.16.06:854][647]LogModuleManager: Shutting down and abandoning module SimplygonMeshReduction (69)
[2017.07.10-17.16.06:854][647]LogModuleManager: Shutting down and abandoning module QuadricMeshReduction (68)
[2017.07.10-17.16.06:854][647]LogModuleManager: Shutting down and abandoning module PropertyEditor (67)
[2017.07.10-17.16.06:854][647]LogModuleManager: Shutting down and abandoning module MeshUtilities (66)
[2017.07.10-17.16.06:854][647]LogModuleManager: Shutting down and abandoning module DerivedDataCache (65)
[2017.07.10-17.16.06:863][647]LogDerivedDataCache: Shutdown
[2017.07.10-17.16.06:863][647]LogModuleManager: Shutting down and abandoning module VulkanShaderFormat (64)
[2017.07.10-17.16.06:863][647]LogModuleManager: Shutting down and abandoning module ShaderFormatOpenGL (63)
[2017.07.10-17.16.06:863][647]LogModuleManager: Shutting down and abandoning module ShaderFormatD3D (62)
[2017.07.10-17.16.06:863][647]LogModuleManager: Shutting down and abandoning module MetalShaderFormat (61)
[2017.07.10-17.16.06:863][647]LogModuleManager: Shutting down and abandoning module TextureFormatUncompressed (60)
[2017.07.10-17.16.06:863][647]LogModuleManager: Shutting down and abandoning module TextureFormatPVR (59)
[2017.07.10-17.16.06:863][647]LogModuleManager: Shutting down and abandoning module TextureFormatDXT (58)
[2017.07.10-17.16.06:863][647]LogModuleManager: Shutting down and abandoning module TextureFormatIntelISPCTexComp (57)
[2017.07.10-17.16.06:863][647]LogModuleManager: Shutting down and abandoning module ImageWrapper (56)
[2017.07.10-17.16.06:863][647]LogModuleManager: Shutting down and abandoning module TextureFormatASTC (55)
[2017.07.10-17.16.06:863][647]LogModuleManager: Shutting down and abandoning module TextureFormatAndroid (54)
[2017.07.10-17.16.06:863][647]LogModuleManager: Shutting down and abandoning module AudioFormatOpus (53)
[2017.07.10-17.16.06:863][647]LogModuleManager: Shutting down and abandoning module AudioFormatOgg (52)
[2017.07.10-17.16.06:863][647]LogModuleManager: Shutting down and abandoning module AudioFormatADPCM (51)
[2017.07.10-17.16.06:863][647]LogModuleManager: Shutting down and abandoning module LinuxTargetPlatform (50)
[2017.07.10-17.16.06:863][647]LogModuleManager: Shutting down and abandoning module LinuxServerTargetPlatform (49)
[2017.07.10-17.16.06:863][647]LogModuleManager: Shutting down and abandoning module LinuxNoEditorTargetPlatform (48)
[2017.07.10-17.16.06:863][647]LogModuleManager: Shutting down and abandoning module LinuxClientTargetPlatform (47)
[2017.07.10-17.16.06:863][647]LogModuleManager: Shutting down and abandoning module TVOSTargetPlatform (46)
[2017.07.10-17.16.06:863][647]LogModuleManager: Shutting down and abandoning module Messaging (45)
[2017.07.10-17.16.06:863][647]LogModuleManager: Shutting down and abandoning module IOSTargetPlatform (44)
[2017.07.10-17.16.06:863][647]LogModuleManager: Shutting down and abandoning module HTML5TargetPlatform (43)
[2017.07.10-17.16.06:863][647]LogModuleManager: Shutting down and abandoning module Android_PVRTCTargetPlatform (42)
[2017.07.10-17.16.06:863][647]LogModuleManager: Shutting down and abandoning module Android_MultiTargetPlatform (41)
[2017.07.10-17.16.06:863][647]LogModuleManager: Shutting down and abandoning module Android_ETC2TargetPlatform (40)
[2017.07.10-17.16.06:863][647]LogModuleManager: Shutting down and abandoning module Android_ETC1TargetPlatform (39)
[2017.07.10-17.16.06:863][647]LogModuleManager: Shutting down and abandoning module Android_DXTTargetPlatform (38)
[2017.07.10-17.16.06:863][647]LogModuleManager: Shutting down and abandoning module Android_ATCTargetPlatform (37)
[2017.07.10-17.16.06:863][647]LogModuleManager: Shutting down and abandoning module Android_ASTCTargetPlatform (36)
[2017.07.10-17.16.06:863][647]LogModuleManager: Shutting down and abandoning module AndroidTargetPlatform (35)
[2017.07.10-17.16.06:863][647]LogModuleManager: Shutting down and abandoning module WindowsTargetPlatform (34)
[2017.07.10-17.16.06:863][647]LogModuleManager: Shutting down and abandoning module WindowsServerTargetPlatform (33)
[2017.07.10-17.16.06:863][647]LogModuleManager: Shutting down and abandoning module WindowsNoEditorTargetPlatform (32)
[2017.07.10-17.16.06:864][647]LogModuleManager: Shutting down and abandoning module WindowsClientTargetPlatform (31)
[2017.07.10-17.16.06:864][647]LogModuleManager: Shutting down and abandoning module MacTargetPlatform (30)
[2017.07.10-17.16.06:864][647]LogModuleManager: Shutting down and abandoning module MacServerTargetPlatform (29)
[2017.07.10-17.16.06:864][647]LogModuleManager: Shutting down and abandoning module MacNoEditorTargetPlatform (28)
[2017.07.10-17.16.06:864][647]LogModuleManager: Shutting down and abandoning module MacClientTargetPlatform (27)
[2017.07.10-17.16.06:864][647]LogModuleManager: Shutting down and abandoning module AllDesktopTargetPlatform (26)
[2017.07.10-17.16.06:864][647]LogModuleManager: Shutting down and abandoning module TargetPlatform (25)
[2017.07.10-17.16.06:864][647]LogModuleManager: Shutting down and abandoning module InputCore (24)
[2017.07.10-17.16.06:864][647]LogModuleManager: Shutting down and abandoning module Settings (23)
[2017.07.10-17.16.06:864][647]LogModuleManager: Shutting down and abandoning module OculusRift (22)
[2017.07.10-17.16.06:864][647]LogModuleManager: Shutting down and abandoning module ExampleDeviceProfileSelector (21)
[2017.07.10-17.16.06:864][647]LogModuleManager: Shutting down and abandoning module OnlineBlueprintSupport (20)
[2017.07.10-17.16.06:864][647]LogModuleManager: Shutting down and abandoning module OnlineSubsystem (18)
[2017.07.10-17.16.06:864][647]LogOnline:Display: Unloading online subsystem: NULL
[2017.07.10-17.16.06:864][647]LogModuleManager: Shutting down and abandoning module SSL (17)
[2017.07.10-17.16.06:865][647]LogModuleManager: Shutting down and abandoning module HTTP (16)
[2017.07.10-17.16.06:865][647]LogModuleManager: Shutting down and abandoning module XMPP (15)
[2017.07.10-17.16.06:865][647]LogModuleManager: Shutting down and abandoning module TextureCompressor (14)
[2017.07.10-17.16.06:865][647]LogModuleManager: Shutting down and abandoning module ShaderCore (13)
[2017.07.10-17.16.06:865][647]LogModuleManager: Shutting down and abandoning module Landscape (12)
[2017.07.10-17.16.06:865][647]LogModuleManager: Shutting down and abandoning module SlateRHIRenderer (11)
[2017.07.10-17.16.06:865][647]LogModuleManager: Shutting down and abandoning module OpenGLDrv (10)
[2017.07.10-17.16.06:865][647]LogModuleManager: Shutting down and abandoning module D3D11RHI (9)
[2017.07.10-17.16.06:865][647]LogModuleManager: Shutting down and abandoning module AnimGraphRuntime (8)
[2017.07.10-17.16.06:865][647]LogModuleManager: Shutting down and abandoning module Renderer (7)
[2017.07.10-17.16.06:865][647]LogModuleManager: Shutting down and abandoning module Engine (6)
[2017.07.10-17.16.06:865][647]LogModuleManager: Shutting down and abandoning module CoreUObject (5)
[2017.07.10-17.16.06:865][647]LogModuleManager: Shutting down and abandoning module NetworkFile (4)
[2017.07.10-17.16.06:865][647]LogModuleManager: Shutting down and abandoning module StreamingFile (3)
[2017.07.10-17.16.06:865][647]LogModuleManager: Shutting down and abandoning module SandboxFile (2)
[2017.07.10-17.16.06:865][647]LogModuleManager: Shutting down and abandoning module PakFile (1)
[2017.07.10-17.16.06:866][647]LogExit: Exiting.
[2017.07.10-17.16.06:874][647]Log file closed, 07/10/17 13:16:06
